#
# A fatal error has been detected by the Java Runtime Environment:
#
#  EXCEPTION_ACCESS_VIOLATION (0xc0000005) at pc=0x6d8d9db3, pid=5860, tid=7832
#
# JRE version: 6.0_16-b01
# Java VM: Java HotSpot(TM) Client VM (14.2-b01 mixed mode windows-x86 )
# Problematic frame:
# V  [jvm.dll+0x29db3]
#
# If you would like to submit a bug report, please visit:
#   http://java.sun.com/webapps/bugreport/crash.jsp
#

---------------  T H R E A D  ---------------

Current thread (0x00505400):  JavaThread "CompilerThread0" daemon [_thread_in_native, id=7832, stack(0x0c8a0000,0x0c8f0000)]

siginfo: ExceptionCode=0xc0000005, reading address 0x5a6f203f

Registers:
EAX=0x00000000, EBX=0x0f4b0470, ECX=0x0f4b0470, EDX=0x0f4b04a0
ESP=0x0c8ef750, EBP=0x0c8ef754, ESI=0x5a6f202b, EDI=0x5a6f202b
EIP=0x6d8d9db3, EFLAGS=0x00010206

Top of Stack: (sp=0x0c8ef750)
0x0c8ef750:   00000000 0c8ef78c 6d8e5983 00000000
0x0c8ef760:   0f4b03b0 0c8efa3c 00000000 0f4b04d8
0x0c8ef770:   00000002 0c8efa01 0f4b03b0 0c8efa3c
0x0c8ef780:   0f4afd30 00000001 0f4afa30 0c8ef7d0
0x0c8ef790:   6d8e27f2 00000002 0c8efa3c 0f4afd30
0x0c8ef7a0:   00000000 0f5f8578 0f556bb0 0f5f862f
0x0c8ef7b0:   00000000 0f4b0340 0f5f8628 0f5f8636
0x0c8ef7c0:   0f5f8630 000000b1 000000b1 00000007 

Instructions: (pc=0x6d8d9db3)
0x6d8d9da3:   8b 45 08 8b 51 0c 8d 14 82 56 8b 32 85 f6 74 10
0x6d8d9db3:   8b 76 14 83 7e 04 02 75 16 c7 42 04 00 00 00 00 


Stack: [0x0c8a0000,0x0c8f0000],  sp=0x0c8ef750,  free space=317k
Native frames: (J=compiled Java code, j=interpreted, Vv=VM code, C=native code)
V  [jvm.dll+0x29db3]
V  [jvm.dll+0x35983]
V  [jvm.dll+0x327f2]
V  [jvm.dll+0x32c21]
V  [jvm.dll+0x33490]
V  [jvm.dll+0x30a9c]
V  [jvm.dll+0x310b0]
V  [jvm.dll+0x32502]
V  [jvm.dll+0x32b95]
V  [jvm.dll+0x33490]
V  [jvm.dll+0x30a9c]
V  [jvm.dll+0x310b0]
V  [jvm.dll+0x32502]
V  [jvm.dll+0x32c21]
V  [jvm.dll+0x32f18]
V  [jvm.dll+0x34541]
V  [jvm.dll+0x34665]
V  [jvm.dll+0x26458]
V  [jvm.dll+0x269dd]
V  [jvm.dll+0x26b0a]
V  [jvm.dll+0x26c71]
V  [jvm.dll+0x26d84]
V  [jvm.dll+0x84df0]
V  [jvm.dll+0x858cf]
V  [jvm.dll+0x1d0424]
V  [jvm.dll+0x173e5c]
C  [msvcr71.dll+0x9565]
C  [kernel32.dll+0x133aa]
C  [ntdll.dll+0x39ef2]
C  [ntdll.dll+0x39ec5]


Current CompileTask:
C1:904      nu.validator.htmlparser.impl.TreeBuilder.endTag(Lnu/validator/htmlparser/impl/ElementName;)V (3991 bytes)


---------------  P R O C E S S  ---------------

Java Threads: ( => current thread )
  0x0cbf8000 JavaThread "Keep-Alive-Timer" daemon [_thread_blocked, id=268, stack(0x0f160000,0x0f1b0000)]
  0x0cbf7800 JavaThread "Thread-13" [_thread_blocked, id=4564, stack(0x0f010000,0x0f060000)]
  0x0cbf7400 JavaThread "Thread-12" [_thread_blocked, id=3048, stack(0x0ef80000,0x0efd0000)]
  0x0cbf1800 JavaThread "Thread-11" [_thread_in_native, id=4712, stack(0x0eef0000,0x0ef40000)]
  0x0cbf1000 JavaThread "Thread-10" [_thread_blocked, id=4044, stack(0x0ee60000,0x0eeb0000)]
  0x0cbf0400 JavaThread "Thread-9" [_thread_blocked, id=5184, stack(0x0edd0000,0x0ee20000)]
  0x0cbefc00 JavaThread "Thread-8" [_thread_blocked, id=7600, stack(0x0ed40000,0x0ed90000)]
  0x0cbef800 JavaThread "Thread-7" [_thread_blocked, id=1276, stack(0x0ecb0000,0x0ed00000)]
  0x0cbec800 JavaThread "Thread-6" [_thread_blocked, id=4320, stack(0x0ec20000,0x0ec70000)]
  0x0cbec400 JavaThread "Thread-5" [_thread_blocked, id=9208, stack(0x0eb90000,0x0ebe0000)]
  0x0cbebc00 JavaThread "Thread-4" [_thread_in_Java, id=9068, stack(0x0eb00000,0x0eb50000)]
  0x0cbeb800 JavaThread "Thread-3" [_thread_in_native, id=4636, stack(0x0ea70000,0x0eac0000)]
  0x0cbeb000 JavaThread "Thread-2" [_thread_in_native, id=10196, stack(0x0d1e0000,0x0d230000)]
  0x0050a400 JavaThread "Low Memory Detector" daemon [_thread_blocked, id=7644, stack(0x0c930000,0x0c980000)]
=>0x00505400 JavaThread "CompilerThread0" daemon [_thread_in_native, id=7832, stack(0x0c8a0000,0x0c8f0000)]
  0x00504800 JavaThread "Attach Listener" daemon [_thread_blocked, id=4152, stack(0x0c810000,0x0c860000)]
  0x004fa000 JavaThread "Signal Dispatcher" daemon [_thread_blocked, id=9876, stack(0x0c780000,0x0c7d0000)]
  0x004cd800 JavaThread "Finalizer" daemon [_thread_blocked, id=4164, stack(0x0c6f0000,0x0c740000)]
  0x004c8c00 JavaThread "Reference Handler" daemon [_thread_blocked, id=3728, stack(0x0c660000,0x0c6b0000)]
  0x0258a000 JavaThread "main" [_thread_in_native, id=3324, stack(0x003a0000,0x003f0000)]

Other Threads:
  0x004c5000 VMThread [stack: 0x0c5d0000,0x0c620000] [id=7040]
  0x0050b400 WatcherThread [stack: 0x0c9c0000,0x0ca10000] [id=7208]

VM state:not at safepoint (normal execution)

VM Mutex/Monitor currently owned by a thread: None

Heap
 def new generation   total 1024K, used 652K [0x04590000, 0x046a0000, 0x04a70000)
  eden space 960K,  61% used [0x04590000, 0x04623220, 0x04680000)
  from space 64K,  99% used [0x04680000, 0x0468fff8, 0x04690000)
  to   space 64K,   0% used [0x04690000, 0x04690000, 0x046a0000)
 tenured generation   total 12252K, used 8469K [0x04a70000, 0x05667000, 0x08590000)
   the space 12252K,  69% used [0x04a70000, 0x052b5540, 0x052b5600, 0x05667000)
 compacting perm gen  total 12288K, used 10971K [0x08590000, 0x09190000, 0x0c590000)
   the space 12288K,  89% used [0x08590000, 0x09046dd8, 0x09046e00, 0x09190000)
No shared spaces configured.

Dynamic libraries:
0x00400000 - 0x00424000 	C:\Program Files (x86)\ArcGIS\Desktop10.0\java\jre\bin\javaw.exe
0x76f70000 - 0x770f0000 	C:\Windows\SysWOW64\ntdll.dll
0x74e70000 - 0x74f80000 	C:\Windows\syswow64\kernel32.dll
0x75580000 - 0x755c7000 	C:\Windows\syswow64\KERNELBASE.dll
0x764e0000 - 0x76580000 	C:\Windows\syswow64\ADVAPI32.dll
0x75440000 - 0x754ec000 	C:\Windows\syswow64\msvcrt.dll
0x76580000 - 0x76599000 	C:\Windows\SysWOW64\sechost.dll
0x765c0000 - 0x766b0000 	C:\Windows\syswow64\RPCRT4.dll
0x74650000 - 0x746b0000 	C:\Windows\syswow64\SspiCli.dll
0x74640000 - 0x7464c000 	C:\Windows\syswow64\CRYPTBASE.dll
0x749a0000 - 0x74aa0000 	C:\Windows\syswow64\USER32.dll
0x74de0000 - 0x74e70000 	C:\Windows\syswow64\GDI32.dll
0x76f40000 - 0x76f4a000 	C:\Windows\syswow64\LPK.dll
0x75600000 - 0x7569d000 	C:\Windows\syswow64\USP10.dll
0x75520000 - 0x75580000 	C:\Windows\system32\IMM32.DLL
0x748d0000 - 0x7499c000 	C:\Windows\syswow64\MSCTF.dll
0x7c340000 - 0x7c396000 	C:\Program Files (x86)\ArcGIS\Desktop10.0\java\jre\bin\msvcr71.dll
0x6d8b0000 - 0x6db3b000 	C:\Program Files (x86)\ArcGIS\Desktop10.0\java\jre\bin\client\jvm.dll
0x73540000 - 0x73572000 	C:\Windows\system32\WINMM.dll
0x72f30000 - 0x72f7c000 	C:\Windows\system32\apphelp.dll
0x6d860000 - 0x6d86c000 	C:\Program Files (x86)\ArcGIS\Desktop10.0\java\jre\bin\verify.dll
0x6d3e0000 - 0x6d3ff000 	C:\Program Files (x86)\ArcGIS\Desktop10.0\java\jre\bin\java.dll
0x6d340000 - 0x6d348000 	C:\Program Files (x86)\ArcGIS\Desktop10.0\java\jre\bin\hpi.dll
0x75230000 - 0x75235000 	C:\Windows\syswow64\PSAPI.DLL
0x6d8a0000 - 0x6d8af000 	C:\Program Files (x86)\ArcGIS\Desktop10.0\java\jre\bin\zip.dll
0x10000000 - 0x10063000 	C:\Users\general\AppData\Local\Temp\swtlib-32\swt-win32-3655.dll
0x76380000 - 0x764dc000 	C:\Windows\syswow64\ole32.dll
0x75140000 - 0x751cf000 	C:\Windows\syswow64\OLEAUT32.dll
0x74aa0000 - 0x74b1b000 	C:\Windows\syswow64\comdlg32.dll
0x751d0000 - 0x75227000 	C:\Windows\syswow64\SHLWAPI.dll
0x72d80000 - 0x72f1e000 	C:\Windows\WinSxS\x86_microsoft.windows.common-controls_6595b64144ccf1df_6.0.7601.17514_none_41e6975e2bd6f2b2\COMCTL32.dll
0x75730000 - 0x7637a000 	C:\Windows\syswow64\SHELL32.dll
0x747b0000 - 0x748cb000 	C:\Windows\syswow64\WININET.dll
0x746f0000 - 0x746f3000 	C:\Windows\syswow64\Normaliz.dll
0x74f80000 - 0x75139000 	C:\Windows\syswow64\iertutil.dll
0x74b20000 - 0x74c31000 	C:\Windows\syswow64\urlmon.dll
0x72aa0000 - 0x72b20000 	C:\Windows\system32\uxtheme.dll
0x728f0000 - 0x72903000 	C:\Windows\system32\dwmapi.dll
0x0cc10000 - 0x0cc2d000 	C:\Users\general\AppData\Local\Temp\swtlib-32\swt-gdip-win32-3655.dll
0x70a60000 - 0x70bf0000 	C:\Windows\WinSxS\x86_microsoft.windows.gdiplus_6595b64144ccf1df_1.1.7601.17825_none_72d273598668a06b\gdiplus.dll
0x678b0000 - 0x679ab000 	C:\Windows\system32\WindowsCodecs.dll
0x74700000 - 0x74783000 	C:\Windows\syswow64\CLBCatQ.DLL
0x6d6c0000 - 0x6d6d3000 	C:\Program Files (x86)\ArcGIS\Desktop10.0\java\jre\bin\net.dll
0x746b0000 - 0x746e5000 	C:\Windows\syswow64\WS2_32.dll
0x74790000 - 0x74796000 	C:\Windows\syswow64\NSI.dll
0x74390000 - 0x743cc000 	C:\Windows\system32\mswsock.dll
0x72d10000 - 0x72d16000 	C:\Windows\System32\wship6.dll
0x74020000 - 0x74025000 	C:\Windows\System32\wshtcpip.dll
0x73960000 - 0x739a4000 	C:\Windows\system32\DNSAPI.dll
0x738b0000 - 0x738cc000 	C:\Windows\system32\IPHLPAPI.DLL
0x738a0000 - 0x738a7000 	C:\Windows\system32\WINNSI.DLL
0x73850000 - 0x73856000 	C:\Windows\system32\rasadhlp.dll
0x73860000 - 0x73898000 	C:\Windows\System32\fwpuclnt.dll
0x0f0f0000 - 0x0f107000 	C:\Users\general\Desktop\EASTWeb\prototype-workspace\prototype\ogrjni.dll
0x10070000 - 0x10704000 	C:\Users\general\Desktop\EASTWeb\prototype-workspace\prototype\gdal18.dll
0x0f1b0000 - 0x0f1ce000 	C:\Users\general\Desktop\EASTWeb\prototype-workspace\prototype\ogdi_32b1.dll
0x0f1d0000 - 0x0f1e2000 	C:\Users\general\Desktop\EASTWeb\prototype-workspace\prototype\zlib_osgeo.dll
0x0f310000 - 0x0f336000 	C:\Users\general\Desktop\EASTWeb\prototype-workspace\prototype\libexpat.dll
0x74380000 - 0x74387000 	C:\Windows\system32\WSOCK32.dll
0x0f340000 - 0x0f382000 	C:\Users\general\Desktop\EASTWeb\prototype-workspace\prototype\proj.dll
0x12000000 - 0x121d0000 	C:\Users\general\Desktop\EASTWeb\prototype-workspace\prototype\xerces-c_3_1.dll
0x74090000 - 0x74133000 	C:\Windows\WinSxS\x86_microsoft.vc90.crt_1fc8b3b9a1e18e3b_9.0.30729.4940_none_50916076bcb9a742\MSVCR90.dll
0x0f390000 - 0x0f3bd000 	C:\Users\general\Desktop\EASTWeb\prototype-workspace\prototype\LIBPQ.dll
0x0fc40000 - 0x0fc76000 	C:\Users\general\Desktop\EASTWeb\prototype-workspace\prototype\SSLEAY32.dll
0x0fc80000 - 0x0fd7f000 	C:\Users\general\Desktop\EASTWeb\prototype-workspace\prototype\LIBEAY32.dll
0x61cc0000 - 0x61cd3000 	C:\Users\general\Desktop\EASTWeb\prototype-workspace\prototype\libintl-8.dll
0x66000000 - 0x660e7000 	C:\Users\general\Desktop\EASTWeb\prototype-workspace\prototype\libiconv-2.dll
0x1c000000 - 0x1c09b000 	C:\Users\general\Desktop\EASTWeb\prototype-workspace\prototype\krb5_32.dll
0x0f3f0000 - 0x0f3f7000 	C:\Users\general\Desktop\EASTWeb\prototype-workspace\prototype\comerr32.dll
0x0fd80000 - 0x0fd88000 	C:\Users\general\Desktop\EASTWeb\prototype-workspace\prototype\k5sprt32.dll
0x0fd90000 - 0x0fdb1000 	C:\Users\general\Desktop\EASTWeb\prototype-workspace\prototype\gssapi32.dll
0x73530000 - 0x73538000 	C:\Windows\system32\Secur32.dll
0x75360000 - 0x753a5000 	C:\Windows\syswow64\WLDAP32.dll
0x741d0000 - 0x7426b000 	C:\Windows\WinSxS\x86_microsoft.vc80.crt_1fc8b3b9a1e18e3b_8.0.50727.6195_none_d09154e044272b9a\MSVCR80.dll
0x0fdc0000 - 0x0fe4c000 	C:\Users\general\Desktop\EASTWeb\prototype-workspace\prototype\hdf_fw.dll
0x0fe50000 - 0x0fe6d000 	C:\Users\general\Desktop\EASTWeb\prototype-workspace\prototype\jpeg_osgeo.dll
0x0fe70000 - 0x0fe88000 	C:\Users\general\Desktop\EASTWeb\prototype-workspace\prototype\mfhdf_fw.dll
0x0fe90000 - 0x0fed3000 	C:\Users\general\Desktop\EASTWeb\prototype-workspace\prototype\netcdf.dll
0x0fee0000 - 0x0ff00000 	C:\Users\general\Desktop\EASTWeb\prototype-workspace\prototype\geotiff.dll
0x0ff00000 - 0x0ff7c000 	C:\Users\general\Desktop\EASTWeb\prototype-workspace\prototype\libtiff.dll
0x0ff80000 - 0x0ff9d000 	C:\Users\general\Desktop\EASTWeb\prototype-workspace\prototype\jpeg12_osgeo.dll
0x7c3c0000 - 0x7c43c000 	C:\Windows\system32\MSVCP71.dll
0x0ffa0000 - 0x0fffe000 	C:\Users\general\Desktop\EASTWeb\prototype-workspace\prototype\sqlite3.dll
0x10710000 - 0x10851000 	C:\Users\general\Desktop\EASTWeb\prototype-workspace\prototype\LIBMYSQL.dll
0x10860000 - 0x109dd000 	C:\Users\general\Desktop\EASTWeb\prototype-workspace\prototype\geos_c.dll
0x74140000 - 0x741ce000 	C:\Windows\WinSxS\x86_microsoft.vc90.crt_1fc8b3b9a1e18e3b_9.0.30729.4940_none_50916076bcb9a742\MSVCP90.dll
0x109f0000 - 0x10ab8000 	C:\Users\general\Desktop\EASTWeb\prototype-workspace\prototype\hdf5dll.dll
0x10ac0000 - 0x10ad2000 	C:\Users\general\Desktop\EASTWeb\prototype-workspace\prototype\zlib1.dll
0x10ae0000 - 0x10b02000 	C:\Users\general\Desktop\EASTWeb\prototype-workspace\prototype\szlibdll.dll
0x10b10000 - 0x10b3b000 	C:\Users\general\Desktop\EASTWeb\prototype-workspace\prototype\libcurl.dll
0x737c0000 - 0x7384c000 	C:\Windows\system32\ODBC32.dll
0x739f0000 - 0x73a28000 	C:\Windows\system32\odbcint.dll
0x10b80000 - 0x10bb4000 	C:\Users\general\Desktop\EASTWeb\prototype-workspace\prototype\gdaljni.dll
0x74070000 - 0x74086000 	C:\Windows\system32\CRYPTSP.dll
0x74030000 - 0x7406b000 	C:\Windows\system32\rsaenh.dll
0x72d20000 - 0x72d37000 	C:\Windows\system32\USERENV.dll
0x74010000 - 0x7401b000 	C:\Windows\system32\profapi.dll
0x73910000 - 0x73920000 	C:\Windows\system32\NLAapi.dll
0x73900000 - 0x73910000 	C:\Windows\system32\napinsp.dll
0x738e0000 - 0x738f2000 	C:\Windows\system32\pnrpnsp.dll
0x738d0000 - 0x738d8000 	C:\Windows\System32\winrnr.dll
0x10b50000 - 0x10b5a000 	C:\Users\general\Desktop\EASTWeb\prototype-workspace\prototype\gdalconstjni.dll
0x10bf0000 - 0x10c03000 	C:\Users\general\Desktop\EASTWeb\prototype-workspace\prototype\osrjni.dll

VM Arguments:
jvm_args: -Dfile.encoding=Cp1252 
java_command: edu.sdstate.eastweb.prototype.Program
Launcher Type: SUN_STANDARD

Environment Variables:
PATH=C:\Users\jiameng\gcc\bin;C:\Users\jiameng\gcc\libexec\gcc\i686-pc-mingw32\4.6.3;C:\Program Files (x86)\PHP\;C:\Windows\system32;C:\Windows;C:\Windows\System32\Wbem;C:\Windows\System32\WindowsPowerShell\v1.0\;C:\Program Files (x86)\ATI Technologies\ATI.ACE\Core-Static;C:\Program Files (x86)\Common Files\Roxio Shared\DLLShared\;C:\Program Files (x86)\Common Files\Roxio Shared\10.0\DLLShared;C:\Program Files (x86)\ArcGIS\Desktop10.0\Bin;C:\Program Files (x86)\Subversion\bin;C:\Program Files\TortoiseSVN\bin;C:\Program Files (x86)\PostgreSQL\8.4\bin
USERNAME=general
OS=Windows_NT
PROCESSOR_IDENTIFIER=Intel64 Family 6 Model 26 Stepping 5, GenuineIntel



---------------  S Y S T E M  ---------------

OS: Windows 7 Build 7601 Service Pack 1

CPU:total 4 (8 cores per cpu, 2 threads per core) family 6 model 26 stepping 5, cmov, cx8, fxsr, mmx, sse, sse2, sse3, ssse3, sse4.1, sse4.2, ht

Memory: 4k page, physical 4194303k(2181632k free), swap 4194303k(4194303k free)

vm_info: Java HotSpot(TM) Client VM (14.2-b01) for windows-x86 JRE (1.6.0_16-b01), built on Jul 31 2009 11:26:58 by "java_re" with MS VC++ 7.1

time: Sun Oct 20 14:06:32 2013
elapsed time: 4 seconds

