#
# A fatal error has been detected by the Java Runtime Environment:
#
#  EXCEPTION_ACCESS_VIOLATION (0xc0000005) at pc=0x0fb91344, pid=3984, tid=580
#
# JRE version: 6.0_16-b01
# Java VM: Java HotSpot(TM) Client VM (14.2-b01 mixed mode windows-x86 )
# Problematic frame:
# C  [hdf_fw.dll+0x1344]
#
# If you would like to submit a bug report, please visit:
#   http://java.sun.com/webapps/bugreport/crash.jsp
# The crash happened outside the Java Virtual Machine in native code.
# See problematic frame for where to report the bug.
#

---------------  T H R E A D  ---------------

Current thread (0x0cc07800):  JavaThread "Thread-12" [_thread_in_native, id=580, stack(0x0ef70000,0x0efc0000)]

siginfo: ExceptionCode=0xc0000005, reading address 0x00000004

Registers:
EAX=0x00000000, EBX=0x0e696bc8, ECX=0x00000000, EDX=0x0cc17838
ESP=0x0efbd2e4, EBP=0x00000000, ESI=0x00007c00, EDI=0x00000000
EIP=0x0fb91344, EFLAGS=0x00010246

Top of Stack: (sp=0x0efbd2e4)
0x0efbd2e4:   0fb9154f 00007c00 0fbbb00d 00007c00
0x0efbd2f4:   024c35a8 ffffffff 0fbb9820 00007c00
0x0efbd304:   0efbd328 0efbd324 00000000 00000000
0x0efbd314:   0e879f58 0e696080 00000000 1003e8ae
0x0efbd324:   00000000 00000000 0fbcc5e5 0e769a58
0x0efbd334:   00000000 0fbd6a67 1003e8ae 000007aa
0x0efbd344:   00000000 00000001 0e769a58 0e879f58
0x0efbd354:   00000000 00000000 00000000 00000000 

Instructions: (pc=0x0fb91344)
0x0fb91334:   30 74 07 8b 40 08 85 c0 75 f5 89 35 1c 40 be 0f
0x0fb91344:   8b 48 04 89 0d cc ba be 0f c3 68 5d 02 00 00 68 


Stack: [0x0ef70000,0x0efc0000],  sp=0x0efbd2e4,  free space=308k
Native frames: (J=compiled Java code, j=interpreted, Vv=VM code, C=native code)
C  [hdf_fw.dll+0x1344]

[error occurred during error reporting (printing native stack), id 0xc0000005]

Java frames: (J=compiled Java code, j=interpreted, Vv=VM code)
j  org.gdal.gdal.gdalJNI.Open__SWIG_0(Ljava/lang/String;I)J+0
j  org.gdal.gdal.gdal.Open(Ljava/lang/String;I)Lorg/gdal/gdal/Dataset;+2
j  edu.sdstate.eastweb.prototype.reprojection.ModisReprojectionNew.linkTiles()V+278
j  edu.sdstate.eastweb.prototype.reprojection.ModisReprojectionNew.project([Ljava/io/File;Ledu/sdstate/eastweb/prototype/ProjectInfo;[Ljava/io/File;[I)V+47
j  edu.sdstate.eastweb.prototype.scheduler.tasks.PrepareModisTask.run()V+219
j  edu.sdstate.eastweb.prototype.scheduler.BaseTaskQueue$RunnableTaskQueueEntry.runActualTask()V+45
j  edu.sdstate.eastweb.prototype.scheduler.BaseTaskQueue$RunnableTaskQueueEntry.run()V+40
j  edu.sdstate.eastweb.prototype.scheduler.BaseTaskQueue$WorkerRunnable.run()V+42
j  java.lang.Thread.run()V+11
v  ~StubRoutines::call_stub

---------------  P R O C E S S  ---------------

Java Threads: ( => current thread )
  0x0cc08000 JavaThread "Thread-13" [_thread_blocked, id=8964, stack(0x0f000000,0x0f050000)]
=>0x0cc07800 JavaThread "Thread-12" [_thread_in_native, id=580, stack(0x0ef70000,0x0efc0000)]
  0x0cc07400 JavaThread "Thread-11" [_thread_blocked, id=460, stack(0x0eee0000,0x0ef30000)]
  0x0cc06c00 JavaThread "Thread-10" [_thread_blocked, id=8792, stack(0x0ee50000,0x0eea0000)]
  0x0cc06800 JavaThread "Thread-9" [_thread_blocked, id=9324, stack(0x0edc0000,0x0ee10000)]
  0x0cc06000 JavaThread "Thread-8" [_thread_blocked, id=5004, stack(0x0ed30000,0x0ed80000)]
  0x0e5dbc00 JavaThread "Thread-7" [_thread_blocked, id=2672, stack(0x0eca0000,0x0ecf0000)]
  0x0e5db400 JavaThread "Thread-6" [_thread_blocked, id=6600, stack(0x0ec10000,0x0ec60000)]
  0x0e5da800 JavaThread "Thread-5" [_thread_in_native, id=7880, stack(0x0eb80000,0x0ebd0000)]
  0x0e5da000 JavaThread "Thread-4" [_thread_blocked, id=3196, stack(0x0eaf0000,0x0eb40000)]
  0x0e5d9c00 JavaThread "Thread-3" [_thread_in_native, id=4824, stack(0x0ea60000,0x0eab0000)]
  0x0e5d9400 JavaThread "Thread-2" [_thread_in_native, id=7108, stack(0x0e9d0000,0x0ea20000)]
  0x0251a000 JavaThread "Low Memory Detector" daemon [_thread_blocked, id=8920, stack(0x0c950000,0x0c9a0000)]
  0x02505400 JavaThread "CompilerThread0" daemon [_thread_blocked, id=7496, stack(0x0c8c0000,0x0c910000)]
  0x02504800 JavaThread "Attach Listener" daemon [_thread_blocked, id=4856, stack(0x0c830000,0x0c880000)]
  0x024fa000 JavaThread "Signal Dispatcher" daemon [_thread_blocked, id=6856, stack(0x0c7a0000,0x0c7f0000)]
  0x024cd800 JavaThread "Finalizer" daemon [_thread_blocked, id=4680, stack(0x0c710000,0x0c760000)]
  0x024c8c00 JavaThread "Reference Handler" daemon [_thread_blocked, id=7764, stack(0x0c680000,0x0c6d0000)]
  0x0242a000 JavaThread "main" [_thread_in_native, id=6952, stack(0x02360000,0x023b0000)]

Other Threads:
  0x024c5000 VMThread [stack: 0x0c5f0000,0x0c640000] [id=2500]
  0x0251ac00 WatcherThread [stack: 0x0c9e0000,0x0ca30000] [id=7916]

VM state:not at safepoint (normal execution)

VM Mutex/Monitor currently owned by a thread: None

Heap
 def new generation   total 1024K, used 23K [0x045b0000, 0x046c0000, 0x04a90000)
  eden space 960K,   2% used [0x045b0000, 0x045b5eb8, 0x046a0000)
  from space 64K,   0% used [0x046a0000, 0x046a0000, 0x046b0000)
  to   space 64K,   0% used [0x046b0000, 0x046b0000, 0x046c0000)
 tenured generation   total 11956K, used 6970K [0x04a90000, 0x0563d000, 0x085b0000)
   the space 11956K,  58% used [0x04a90000, 0x0515e9f0, 0x0515ea00, 0x0563d000)
 compacting perm gen  total 12288K, used 7135K [0x085b0000, 0x091b0000, 0x0c5b0000)
   the space 12288K,  58% used [0x085b0000, 0x08ca7e10, 0x08ca8000, 0x091b0000)
No shared spaces configured.

Dynamic libraries:
0x00400000 - 0x00424000 	C:\Program Files (x86)\ArcGIS\Desktop10.0\java\jre\bin\javaw.exe
0x76f70000 - 0x770f0000 	C:\Windows\SysWOW64\ntdll.dll
0x74e70000 - 0x74f80000 	C:\Windows\syswow64\kernel32.dll
0x75580000 - 0x755c7000 	C:\Windows\syswow64\KERNELBASE.dll
0x764e0000 - 0x76580000 	C:\Windows\syswow64\ADVAPI32.dll
0x75440000 - 0x754ec000 	C:\Windows\syswow64\msvcrt.dll
0x76580000 - 0x76599000 	C:\Windows\SysWOW64\sechost.dll
0x765c0000 - 0x766b0000 	C:\Windows\syswow64\RPCRT4.dll
0x74650000 - 0x746b0000 	C:\Windows\syswow64\SspiCli.dll
0x74640000 - 0x7464c000 	C:\Windows\syswow64\CRYPTBASE.dll
0x749a0000 - 0x74aa0000 	C:\Windows\syswow64\USER32.dll
0x74de0000 - 0x74e70000 	C:\Windows\syswow64\GDI32.dll
0x76f40000 - 0x76f4a000 	C:\Windows\syswow64\LPK.dll
0x75600000 - 0x7569d000 	C:\Windows\syswow64\USP10.dll
0x75520000 - 0x75580000 	C:\Windows\system32\IMM32.DLL
0x748d0000 - 0x7499c000 	C:\Windows\syswow64\MSCTF.dll
0x7c340000 - 0x7c396000 	C:\Program Files (x86)\ArcGIS\Desktop10.0\java\jre\bin\msvcr71.dll
0x6d8b0000 - 0x6db3b000 	C:\Program Files (x86)\ArcGIS\Desktop10.0\java\jre\bin\client\jvm.dll
0x73540000 - 0x73572000 	C:\Windows\system32\WINMM.dll
0x72f30000 - 0x72f7c000 	C:\Windows\system32\apphelp.dll
0x6d860000 - 0x6d86c000 	C:\Program Files (x86)\ArcGIS\Desktop10.0\java\jre\bin\verify.dll
0x6d3e0000 - 0x6d3ff000 	C:\Program Files (x86)\ArcGIS\Desktop10.0\java\jre\bin\java.dll
0x6d340000 - 0x6d348000 	C:\Program Files (x86)\ArcGIS\Desktop10.0\java\jre\bin\hpi.dll
0x75230000 - 0x75235000 	C:\Windows\syswow64\PSAPI.DLL
0x6d8a0000 - 0x6d8af000 	C:\Program Files (x86)\ArcGIS\Desktop10.0\java\jre\bin\zip.dll
0x10000000 - 0x10063000 	C:\Users\general\AppData\Local\Temp\swtlib-32\swt-win32-3655.dll
0x76380000 - 0x764dc000 	C:\Windows\syswow64\ole32.dll
0x75140000 - 0x751cf000 	C:\Windows\syswow64\OLEAUT32.dll
0x74aa0000 - 0x74b1b000 	C:\Windows\syswow64\comdlg32.dll
0x751d0000 - 0x75227000 	C:\Windows\syswow64\SHLWAPI.dll
0x72d80000 - 0x72f1e000 	C:\Windows\WinSxS\x86_microsoft.windows.common-controls_6595b64144ccf1df_6.0.7601.17514_none_41e6975e2bd6f2b2\COMCTL32.dll
0x75730000 - 0x7637a000 	C:\Windows\syswow64\SHELL32.dll
0x747b0000 - 0x748cb000 	C:\Windows\syswow64\WININET.dll
0x746f0000 - 0x746f3000 	C:\Windows\syswow64\Normaliz.dll
0x74f80000 - 0x75139000 	C:\Windows\syswow64\iertutil.dll
0x74b20000 - 0x74c31000 	C:\Windows\syswow64\urlmon.dll
0x72aa0000 - 0x72b20000 	C:\Windows\system32\uxtheme.dll
0x728f0000 - 0x72903000 	C:\Windows\system32\dwmapi.dll
0x02400000 - 0x0241d000 	C:\Users\general\AppData\Local\Temp\swtlib-32\swt-gdip-win32-3655.dll
0x70a60000 - 0x70bf0000 	C:\Windows\WinSxS\x86_microsoft.windows.gdiplus_6595b64144ccf1df_1.1.7601.17825_none_72d273598668a06b\gdiplus.dll
0x678b0000 - 0x679ab000 	C:\Windows\system32\WindowsCodecs.dll
0x74700000 - 0x74783000 	C:\Windows\syswow64\CLBCatQ.DLL
0x6d6c0000 - 0x6d6d3000 	C:\Program Files (x86)\ArcGIS\Desktop10.0\java\jre\bin\net.dll
0x746b0000 - 0x746e5000 	C:\Windows\syswow64\WS2_32.dll
0x74790000 - 0x74796000 	C:\Windows\syswow64\NSI.dll
0x74390000 - 0x743cc000 	C:\Windows\system32\mswsock.dll
0x72d10000 - 0x72d16000 	C:\Windows\System32\wship6.dll
0x74020000 - 0x74025000 	C:\Windows\System32\wshtcpip.dll
0x73960000 - 0x739a4000 	C:\Windows\system32\DNSAPI.dll
0x738b0000 - 0x738cc000 	C:\Windows\system32\IPHLPAPI.DLL
0x738a0000 - 0x738a7000 	C:\Windows\system32\WINNSI.DLL
0x73850000 - 0x73856000 	C:\Windows\system32\rasadhlp.dll
0x0f120000 - 0x0f137000 	C:\Users\general\Desktop\EASTWeb\prototype-workspace\prototype\ogrjni.dll
0x0f310000 - 0x0f9a4000 	C:\Users\general\Desktop\EASTWeb\prototype-workspace\prototype\gdal18.dll
0x0f160000 - 0x0f17e000 	C:\Users\general\Desktop\EASTWeb\prototype-workspace\prototype\ogdi_32b1.dll
0x0f1d0000 - 0x0f1e2000 	C:\Users\general\Desktop\EASTWeb\prototype-workspace\prototype\zlib_osgeo.dll
0x0f230000 - 0x0f256000 	C:\Users\general\Desktop\EASTWeb\prototype-workspace\prototype\libexpat.dll
0x74380000 - 0x74387000 	C:\Windows\system32\WSOCK32.dll
0x0f260000 - 0x0f2a2000 	C:\Users\general\Desktop\EASTWeb\prototype-workspace\prototype\proj.dll
0x12000000 - 0x121d0000 	C:\Users\general\Desktop\EASTWeb\prototype-workspace\prototype\xerces-c_3_1.dll
0x74090000 - 0x74133000 	C:\Windows\WinSxS\x86_microsoft.vc90.crt_1fc8b3b9a1e18e3b_9.0.30729.4940_none_50916076bcb9a742\MSVCR90.dll
0x0f9b0000 - 0x0f9dd000 	C:\Users\general\Desktop\EASTWeb\prototype-workspace\prototype\LIBPQ.dll
0x0f9e0000 - 0x0fa16000 	C:\Users\general\Desktop\EASTWeb\prototype-workspace\prototype\SSLEAY32.dll
0x0fa30000 - 0x0fb2f000 	C:\Users\general\Desktop\EASTWeb\prototype-workspace\prototype\LIBEAY32.dll
0x61cc0000 - 0x61cd3000 	C:\Users\general\Desktop\EASTWeb\prototype-workspace\prototype\libintl-8.dll
0x66000000 - 0x660e7000 	C:\Users\general\Desktop\EASTWeb\prototype-workspace\prototype\libiconv-2.dll
0x1c000000 - 0x1c09b000 	C:\Users\general\Desktop\EASTWeb\prototype-workspace\prototype\krb5_32.dll
0x0fb40000 - 0x0fb47000 	C:\Users\general\Desktop\EASTWeb\prototype-workspace\prototype\comerr32.dll
0x0fb50000 - 0x0fb58000 	C:\Users\general\Desktop\EASTWeb\prototype-workspace\prototype\k5sprt32.dll
0x0fb60000 - 0x0fb81000 	C:\Users\general\Desktop\EASTWeb\prototype-workspace\prototype\gssapi32.dll
0x73530000 - 0x73538000 	C:\Windows\system32\Secur32.dll
0x75360000 - 0x753a5000 	C:\Windows\syswow64\WLDAP32.dll
0x741d0000 - 0x7426b000 	C:\Windows\WinSxS\x86_microsoft.vc80.crt_1fc8b3b9a1e18e3b_8.0.50727.6195_none_d09154e044272b9a\MSVCR80.dll
0x0fb90000 - 0x0fc1c000 	C:\Users\general\Desktop\EASTWeb\prototype-workspace\prototype\hdf_fw.dll
0x0fc20000 - 0x0fc3d000 	C:\Users\general\Desktop\EASTWeb\prototype-workspace\prototype\jpeg_osgeo.dll
0x0fc40000 - 0x0fc58000 	C:\Users\general\Desktop\EASTWeb\prototype-workspace\prototype\mfhdf_fw.dll
0x0fc60000 - 0x0fca3000 	C:\Users\general\Desktop\EASTWeb\prototype-workspace\prototype\netcdf.dll
0x0fcb0000 - 0x0fcd0000 	C:\Users\general\Desktop\EASTWeb\prototype-workspace\prototype\geotiff.dll
0x0fcd0000 - 0x0fd4c000 	C:\Users\general\Desktop\EASTWeb\prototype-workspace\prototype\libtiff.dll
0x0fd50000 - 0x0fd6d000 	C:\Users\general\Desktop\EASTWeb\prototype-workspace\prototype\jpeg12_osgeo.dll
0x7c3c0000 - 0x7c43c000 	C:\Windows\system32\MSVCP71.dll
0x0fd70000 - 0x0fdce000 	C:\Users\general\Desktop\EASTWeb\prototype-workspace\prototype\sqlite3.dll
0x0fdd0000 - 0x0ff11000 	C:\Users\general\Desktop\EASTWeb\prototype-workspace\prototype\LIBMYSQL.dll
0x10070000 - 0x101ed000 	C:\Users\general\Desktop\EASTWeb\prototype-workspace\prototype\geos_c.dll
0x74140000 - 0x741ce000 	C:\Windows\WinSxS\x86_microsoft.vc90.crt_1fc8b3b9a1e18e3b_9.0.30729.4940_none_50916076bcb9a742\MSVCP90.dll
0x0ff30000 - 0x0fff8000 	C:\Users\general\Desktop\EASTWeb\prototype-workspace\prototype\hdf5dll.dll
0x101f0000 - 0x10202000 	C:\Users\general\Desktop\EASTWeb\prototype-workspace\prototype\zlib1.dll
0x10210000 - 0x10232000 	C:\Users\general\Desktop\EASTWeb\prototype-workspace\prototype\szlibdll.dll
0x10240000 - 0x1026b000 	C:\Users\general\Desktop\EASTWeb\prototype-workspace\prototype\libcurl.dll
0x737c0000 - 0x7384c000 	C:\Windows\system32\ODBC32.dll
0x739f0000 - 0x73a28000 	C:\Windows\system32\odbcint.dll
0x73860000 - 0x73898000 	C:\Windows\System32\fwpuclnt.dll
0x102b0000 - 0x102e4000 	C:\Users\general\Desktop\EASTWeb\prototype-workspace\prototype\gdaljni.dll
0x74070000 - 0x74086000 	C:\Windows\system32\CRYPTSP.dll
0x74030000 - 0x7406b000 	C:\Windows\system32\rsaenh.dll
0x72d20000 - 0x72d37000 	C:\Windows\system32\USERENV.dll
0x74010000 - 0x7401b000 	C:\Windows\system32\profapi.dll
0x73910000 - 0x73920000 	C:\Windows\system32\NLAapi.dll
0x73900000 - 0x73910000 	C:\Windows\system32\napinsp.dll
0x738e0000 - 0x738f2000 	C:\Windows\system32\pnrpnsp.dll
0x738d0000 - 0x738d8000 	C:\Windows\System32\winrnr.dll
0x10280000 - 0x1028a000 	C:\Users\general\Desktop\EASTWeb\prototype-workspace\prototype\gdalconstjni.dll
0x102f0000 - 0x10303000 	C:\Users\general\Desktop\EASTWeb\prototype-workspace\prototype\osrjni.dll

VM Arguments:
jvm_args: -Dfile.encoding=Cp1252 
java_command: edu.sdstate.eastweb.prototype.Program
Launcher Type: SUN_STANDARD

Environment Variables:
PATH=C:\Users\jiameng\gcc\bin;C:\Users\jiameng\gcc\libexec\gcc\i686-pc-mingw32\4.6.3;C:\Program Files (x86)\PHP\;C:\Windows\system32;C:\Windows;C:\Windows\System32\Wbem;C:\Windows\System32\WindowsPowerShell\v1.0\;C:\Program Files (x86)\ATI Technologies\ATI.ACE\Core-Static;C:\Program Files (x86)\Common Files\Roxio Shared\DLLShared\;C:\Program Files (x86)\Common Files\Roxio Shared\10.0\DLLShared;C:\Program Files (x86)\ArcGIS\Desktop10.0\Bin;C:\Program Files (x86)\Subversion\bin;C:\Program Files\TortoiseSVN\bin;C:\Program Files (x86)\PostgreSQL\8.4\bin
USERNAME=general
OS=Windows_NT
PROCESSOR_IDENTIFIER=Intel64 Family 6 Model 26 Stepping 5, GenuineIntel



---------------  S Y S T E M  ---------------

OS: Windows 7 Build 7601 Service Pack 1

CPU:total 4 (8 cores per cpu, 2 threads per core) family 6 model 26 stepping 5, cmov, cx8, fxsr, mmx, sse, sse2, sse3, ssse3, sse4.1, sse4.2, ht

Memory: 4k page, physical 4194303k(2069384k free), swap 4194303k(4194303k free)

vm_info: Java HotSpot(TM) Client VM (14.2-b01) for windows-x86 JRE (1.6.0_16-b01), built on Jul 31 2009 11:26:58 by "java_re" with MS VC++ 7.1

time: Mon Oct 21 21:49:21 2013
elapsed time: 3 seconds

