#
# A fatal error has been detected by the Java Runtime Environment:
#
#  EXCEPTION_ACCESS_VIOLATION (0xc0000005) at pc=0x0d931344, pid=3580, tid=7892
#
# JRE version: 6.0_16-b01
# Java VM: Java HotSpot(TM) Client VM (14.2-b01 mixed mode windows-x86 )
# Problematic frame:
# C  [hdf_fw.dll+0x1344]
#
# If you would like to submit a bug report, please visit:
#   http://java.sun.com/webapps/bugreport/crash.jsp
# The crash happened outside the Java Virtual Machine in native code.
# See problematic frame for where to report the bug.
#

---------------  T H R E A D  ---------------

Current thread (0x0032a400):  JavaThread "main" [_thread_in_native, id=7892, stack(0x00290000,0x002e0000)]

siginfo: ExceptionCode=0xc0000005, reading address 0x00000004

Registers:
EAX=0x00000000, EBX=0x0e778190, ECX=0x0000001c, EDX=0x0d0c8de8
ESP=0x002dd524, EBP=0x00000000, ESI=0x0000231c, EDI=0x00000000
EIP=0x0d931344, EFLAGS=0x00210246

Top of Stack: (sp=0x002dd524)
0x002dd524:   0d93154f 0000231c 0d95b00d 0000231c
0x002dd534:   0d0c2158 ffffffff 0d959820 0000231c
0x002dd544:   002dd568 002dd564 00000000 00000000
0x002dd554:   0e7c68b0 0d0c44d8 00000000 10001ac2
0x002dd564:   00000000 00000000 0d96c5e5 0e781220
0x002dd574:   00000000 0d976a67 10001ac2 000007aa
0x002dd584:   00000000 00000001 0e781220 0e7c68b0
0x002dd594:   00000000 00000000 00000000 00000000 

Instructions: (pc=0x0d931344)
0x0d931334:   30 74 07 8b 40 08 85 c0 75 f5 89 35 1c 40 98 0d
0x0d931344:   8b 48 04 89 0d cc ba 98 0d c3 68 5d 02 00 00 68 


Stack: [0x00290000,0x002e0000],  sp=0x002dd524,  free space=309k
Native frames: (J=compiled Java code, j=interpreted, Vv=VM code, C=native code)
C  [hdf_fw.dll+0x1344]

[error occurred during error reporting (printing native stack), id 0xc0000005]

Java frames: (J=compiled Java code, j=interpreted, Vv=VM code)
j  org.gdal.gdal.gdalJNI.Open__SWIG_0(Ljava/lang/String;I)J+0
j  org.gdal.gdal.gdal.Open(Ljava/lang/String;I)Lorg/gdal/gdal/Dataset;+2
j  edu.sdstate.eastweb.prototype.reprojection.ModisReprojectionNew.linkTiles()V+278
j  edu.sdstate.eastweb.prototype.reprojection.ModisReprojectionNew.project([Ljava/io/File;Ledu/sdstate/eastweb/prototype/ProjectInfo;[Ljava/io/File;[I)V+47
j  edu.sdstate.eastweb.prototype.scheduler.tasks.PrepareModisTask.run()V+219
j  edu.sdstate.eastweb.prototype.reprojection.tests.ModisReprojectionTest.testByProcess()V+79
j  edu.sdstate.eastweb.prototype.reprojection.tests.ModisReprojectionTest.main([Ljava/lang/String;)V+0
v  ~StubRoutines::call_stub

---------------  P R O C E S S  ---------------

Java Threads: ( => current thread )
  0x02511800 JavaThread "Low Memory Detector" daemon [_thread_blocked, id=7420, stack(0x0cc40000,0x0cc90000)]
  0x0250e800 JavaThread "CompilerThread0" daemon [_thread_blocked, id=4020, stack(0x0cbb0000,0x0cc00000)]
  0x02502000 JavaThread "JDWP Command Reader" daemon [_thread_in_native, id=5848, stack(0x0cb00000,0x0cb50000)]
  0x02501c00 JavaThread "JDWP Event Helper Thread" daemon [_thread_blocked, id=9240, stack(0x0ca70000,0x0cac0000)]
  0x02500800 JavaThread "JDWP Transport Listener: dt_socket" daemon [_thread_blocked, id=4792, stack(0x0c990000,0x0c9e0000)]
  0x024f4c00 JavaThread "Attach Listener" daemon [_thread_blocked, id=9712, stack(0x0c7f0000,0x0c840000)]
  0x024ea400 JavaThread "Signal Dispatcher" daemon [_thread_blocked, id=3780, stack(0x0c760000,0x0c7b0000)]
  0x024bd800 JavaThread "Finalizer" daemon [_thread_blocked, id=4044, stack(0x0c6d0000,0x0c720000)]
  0x024b9000 JavaThread "Reference Handler" daemon [_thread_blocked, id=9068, stack(0x0c640000,0x0c690000)]
=>0x0032a400 JavaThread "main" [_thread_in_native, id=7892, stack(0x00290000,0x002e0000)]

Other Threads:
  0x024b5400 VMThread [stack: 0x0c5b0000,0x0c600000] [id=6152]
  0x0cf98400 WatcherThread [stack: 0x0ccd0000,0x0cd20000] [id=8544]

VM state:not at safepoint (normal execution)

VM Mutex/Monitor currently owned by a thread: None

Heap
 def new generation   total 960K, used 30K [0x04520000, 0x04620000, 0x04a00000)
  eden space 896K,   3% used [0x04520000, 0x04527808, 0x04600000)
  from space 64K,   0% used [0x04610000, 0x04610000, 0x04620000)
  to   space 64K,   0% used [0x04600000, 0x04600000, 0x04610000)
 tenured generation   total 9724K, used 5945K [0x04a00000, 0x0537f000, 0x08520000)
   the space 9724K,  61% used [0x04a00000, 0x04fce718, 0x04fce800, 0x0537f000)
 compacting perm gen  total 12288K, used 3991K [0x08520000, 0x09120000, 0x0c520000)
   the space 12288K,  32% used [0x08520000, 0x08905db0, 0x08905e00, 0x09120000)
No shared spaces configured.

Dynamic libraries:
0x00400000 - 0x00424000 	C:\Program Files (x86)\ArcGIS\Desktop10.0\java\jre\bin\javaw.exe
0x76f70000 - 0x770f0000 	C:\Windows\SysWOW64\ntdll.dll
0x74e70000 - 0x74f80000 	C:\Windows\syswow64\kernel32.dll
0x75580000 - 0x755c7000 	C:\Windows\syswow64\KERNELBASE.dll
0x764e0000 - 0x76580000 	C:\Windows\syswow64\ADVAPI32.dll
0x75440000 - 0x754ec000 	C:\Windows\syswow64\msvcrt.dll
0x76580000 - 0x76599000 	C:\Windows\SysWOW64\sechost.dll
0x765c0000 - 0x766b0000 	C:\Windows\syswow64\RPCRT4.dll
0x74650000 - 0x746b0000 	C:\Windows\syswow64\SspiCli.dll
0x74640000 - 0x7464c000 	C:\Windows\syswow64\CRYPTBASE.dll
0x749a0000 - 0x74aa0000 	C:\Windows\syswow64\USER32.dll
0x74de0000 - 0x74e70000 	C:\Windows\syswow64\GDI32.dll
0x76f40000 - 0x76f4a000 	C:\Windows\syswow64\LPK.dll
0x75600000 - 0x7569d000 	C:\Windows\syswow64\USP10.dll
0x75520000 - 0x75580000 	C:\Windows\system32\IMM32.DLL
0x748d0000 - 0x7499c000 	C:\Windows\syswow64\MSCTF.dll
0x7c340000 - 0x7c396000 	C:\Program Files (x86)\ArcGIS\Desktop10.0\java\jre\bin\msvcr71.dll
0x6d8b0000 - 0x6db3b000 	C:\Program Files (x86)\ArcGIS\Desktop10.0\java\jre\bin\client\jvm.dll
0x73540000 - 0x73572000 	C:\Windows\system32\WINMM.dll
0x72f30000 - 0x72f7c000 	C:\Windows\system32\apphelp.dll
0x6d860000 - 0x6d86c000 	C:\Program Files (x86)\ArcGIS\Desktop10.0\java\jre\bin\verify.dll
0x6d3e0000 - 0x6d3ff000 	C:\Program Files (x86)\ArcGIS\Desktop10.0\java\jre\bin\java.dll
0x6d340000 - 0x6d348000 	C:\Program Files (x86)\ArcGIS\Desktop10.0\java\jre\bin\hpi.dll
0x75230000 - 0x75235000 	C:\Windows\syswow64\PSAPI.DLL
0x6d430000 - 0x6d459000 	C:\Program Files (x86)\ArcGIS\Desktop10.0\java\jre\bin\jdwp.dll
0x6d750000 - 0x6d756000 	C:\Program Files (x86)\ArcGIS\Desktop10.0\java\jre\bin\npt.dll
0x6d8a0000 - 0x6d8af000 	C:\Program Files (x86)\ArcGIS\Desktop10.0\java\jre\bin\zip.dll
0x6d2b0000 - 0x6d2b7000 	C:\Program Files (x86)\ArcGIS\Desktop10.0\java\jre\bin\dt_socket.dll
0x746b0000 - 0x746e5000 	C:\Windows\syswow64\WS2_32.dll
0x74790000 - 0x74796000 	C:\Windows\syswow64\NSI.dll
0x73910000 - 0x73920000 	C:\Windows\system32\NLAapi.dll
0x73900000 - 0x73910000 	C:\Windows\system32\napinsp.dll
0x738e0000 - 0x738f2000 	C:\Windows\system32\pnrpnsp.dll
0x74390000 - 0x743cc000 	C:\Windows\System32\mswsock.dll
0x73960000 - 0x739a4000 	C:\Windows\system32\DNSAPI.dll
0x738d0000 - 0x738d8000 	C:\Windows\System32\winrnr.dll
0x738b0000 - 0x738cc000 	C:\Windows\system32\IPHLPAPI.DLL
0x738a0000 - 0x738a7000 	C:\Windows\system32\WINNSI.DLL
0x73860000 - 0x73898000 	C:\Windows\System32\fwpuclnt.dll
0x73850000 - 0x73856000 	C:\Windows\system32\rasadhlp.dll
0x74020000 - 0x74025000 	C:\Windows\System32\wshtcpip.dll
0x10000000 - 0x10017000 	C:\Users\general\Desktop\EASTWeb\prototype-workspace\prototype\ogrjni.dll
0x0d190000 - 0x0d824000 	C:\Users\general\Desktop\EASTWeb\prototype-workspace\prototype\gdal18.dll
0x0c920000 - 0x0c93e000 	C:\Users\general\Desktop\EASTWeb\prototype-workspace\prototype\ogdi_32b1.dll
0x0cd20000 - 0x0cd32000 	C:\Users\general\Desktop\EASTWeb\prototype-workspace\prototype\zlib_osgeo.dll
0x0cd80000 - 0x0cda6000 	C:\Users\general\Desktop\EASTWeb\prototype-workspace\prototype\libexpat.dll
0x74380000 - 0x74387000 	C:\Windows\system32\WSOCK32.dll
0x0cdb0000 - 0x0cdf2000 	C:\Users\general\Desktop\EASTWeb\prototype-workspace\prototype\proj.dll
0x12000000 - 0x121d0000 	C:\Users\general\Desktop\EASTWeb\prototype-workspace\prototype\xerces-c_3_1.dll
0x74090000 - 0x74133000 	C:\Windows\WinSxS\x86_microsoft.vc90.crt_1fc8b3b9a1e18e3b_9.0.30729.4940_none_50916076bcb9a742\MSVCR90.dll
0x0ce00000 - 0x0ce2d000 	C:\Users\general\Desktop\EASTWeb\prototype-workspace\prototype\LIBPQ.dll
0x0ce30000 - 0x0ce66000 	C:\Users\general\Desktop\EASTWeb\prototype-workspace\prototype\SSLEAY32.dll
0x0d830000 - 0x0d92f000 	C:\Users\general\Desktop\EASTWeb\prototype-workspace\prototype\LIBEAY32.dll
0x61cc0000 - 0x61cd3000 	C:\Users\general\Desktop\EASTWeb\prototype-workspace\prototype\libintl-8.dll
0x66000000 - 0x660e7000 	C:\Users\general\Desktop\EASTWeb\prototype-workspace\prototype\libiconv-2.dll
0x1c000000 - 0x1c09b000 	C:\Users\general\Desktop\EASTWeb\prototype-workspace\prototype\krb5_32.dll
0x0ce90000 - 0x0ce97000 	C:\Users\general\Desktop\EASTWeb\prototype-workspace\prototype\comerr32.dll
0x0cea0000 - 0x0cea8000 	C:\Users\general\Desktop\EASTWeb\prototype-workspace\prototype\k5sprt32.dll
0x0ceb0000 - 0x0ced1000 	C:\Users\general\Desktop\EASTWeb\prototype-workspace\prototype\gssapi32.dll
0x73530000 - 0x73538000 	C:\Windows\system32\Secur32.dll
0x75360000 - 0x753a5000 	C:\Windows\syswow64\WLDAP32.dll
0x75730000 - 0x7637a000 	C:\Windows\syswow64\SHELL32.dll
0x751d0000 - 0x75227000 	C:\Windows\syswow64\SHLWAPI.dll
0x741d0000 - 0x7426b000 	C:\Windows\WinSxS\x86_microsoft.vc80.crt_1fc8b3b9a1e18e3b_8.0.50727.6195_none_d09154e044272b9a\MSVCR80.dll
0x0d930000 - 0x0d9bc000 	C:\Users\general\Desktop\EASTWeb\prototype-workspace\prototype\hdf_fw.dll
0x0cee0000 - 0x0cefd000 	C:\Users\general\Desktop\EASTWeb\prototype-workspace\prototype\jpeg_osgeo.dll
0x0cf00000 - 0x0cf18000 	C:\Users\general\Desktop\EASTWeb\prototype-workspace\prototype\mfhdf_fw.dll
0x0d9c0000 - 0x0da03000 	C:\Users\general\Desktop\EASTWeb\prototype-workspace\prototype\netcdf.dll
0x0cf20000 - 0x0cf40000 	C:\Users\general\Desktop\EASTWeb\prototype-workspace\prototype\geotiff.dll
0x0da10000 - 0x0da8c000 	C:\Users\general\Desktop\EASTWeb\prototype-workspace\prototype\libtiff.dll
0x0da90000 - 0x0daad000 	C:\Users\general\Desktop\EASTWeb\prototype-workspace\prototype\jpeg12_osgeo.dll
0x7c3c0000 - 0x7c43c000 	C:\Windows\system32\MSVCP71.dll
0x0dab0000 - 0x0db0e000 	C:\Users\general\Desktop\EASTWeb\prototype-workspace\prototype\sqlite3.dll
0x0db10000 - 0x0dc51000 	C:\Users\general\Desktop\EASTWeb\prototype-workspace\prototype\LIBMYSQL.dll
0x0dc60000 - 0x0dddd000 	C:\Users\general\Desktop\EASTWeb\prototype-workspace\prototype\geos_c.dll
0x74140000 - 0x741ce000 	C:\Windows\WinSxS\x86_microsoft.vc90.crt_1fc8b3b9a1e18e3b_9.0.30729.4940_none_50916076bcb9a742\MSVCP90.dll
0x0dde0000 - 0x0dea8000 	C:\Users\general\Desktop\EASTWeb\prototype-workspace\prototype\hdf5dll.dll
0x0deb0000 - 0x0dec2000 	C:\Users\general\Desktop\EASTWeb\prototype-workspace\prototype\zlib1.dll
0x0ded0000 - 0x0def2000 	C:\Users\general\Desktop\EASTWeb\prototype-workspace\prototype\szlibdll.dll
0x0df00000 - 0x0df2b000 	C:\Users\general\Desktop\EASTWeb\prototype-workspace\prototype\libcurl.dll
0x737c0000 - 0x7384c000 	C:\Windows\system32\ODBC32.dll
0x739f0000 - 0x73a28000 	C:\Windows\system32\odbcint.dll
0x0df60000 - 0x0df94000 	C:\Users\general\Desktop\EASTWeb\prototype-workspace\prototype\gdaljni.dll
0x74070000 - 0x74086000 	C:\Windows\system32\CRYPTSP.dll
0x74030000 - 0x7406b000 	C:\Windows\system32\rsaenh.dll
0x72d20000 - 0x72d37000 	C:\Windows\system32\USERENV.dll
0x74010000 - 0x7401b000 	C:\Windows\system32\profapi.dll
0x6d6c0000 - 0x6d6d3000 	C:\Program Files (x86)\ArcGIS\Desktop10.0\java\jre\bin\net.dll
0x72d10000 - 0x72d16000 	C:\Windows\System32\wship6.dll
0x0dfa0000 - 0x0dfaa000 	C:\Users\general\Desktop\EASTWeb\prototype-workspace\prototype\gdalconstjni.dll

VM Arguments:
jvm_args: -agentlib:jdwp=transport=dt_socket,suspend=y,address=localhost:65131 -Dfile.encoding=Cp1252 
java_command: edu.sdstate.eastweb.prototype.reprojection.tests.ModisReprojectionTest
Launcher Type: SUN_STANDARD

Environment Variables:
PATH=C:\Program Files (x86)\ArcGIS\Desktop10.0\java\jre\bin;C:\Users\jiameng\gcc\bin;C:\Users\jiameng\gcc\libexec\gcc\i686-pc-mingw32\4.6.3;C:\Program Files (x86)\PHP\;C:\Windows\system32;C:\Windows;C:\Windows\System32\Wbem;C:\Windows\System32\WindowsPowerShell\v1.0\;C:\Program Files (x86)\ATI Technologies\ATI.ACE\Core-Static;C:\Program Files (x86)\Common Files\Roxio Shared\DLLShared\;C:\Program Files (x86)\Common Files\Roxio Shared\10.0\DLLShared;C:\Program Files (x86)\ArcGIS\Desktop10.0\Bin;C:\Program Files (x86)\Subversion\bin;C:\Program Files\TortoiseSVN\bin;C:\Program Files (x86)\PostgreSQL\8.4\bin
USERNAME=general
OS=Windows_NT
PROCESSOR_IDENTIFIER=Intel64 Family 6 Model 26 Stepping 5, GenuineIntel



---------------  S Y S T E M  ---------------

OS: Windows 7 Build 7601 Service Pack 1

CPU:total 4 (8 cores per cpu, 2 threads per core) family 6 model 26 stepping 5, cmov, cx8, fxsr, mmx, sse, sse2, sse3, ssse3, sse4.1, sse4.2, ht

Memory: 4k page, physical 4194303k(1905696k free), swap 4194303k(4194303k free)

vm_info: Java HotSpot(TM) Client VM (14.2-b01) for windows-x86 JRE (1.6.0_16-b01), built on Jul 31 2009 11:26:58 by "java_re" with MS VC++ 7.1

time: Mon Oct 21 21:40:19 2013
elapsed time: 4 seconds

