#
# A fatal error has been detected by the Java Runtime Environment:
#
#  EXCEPTION_ACCESS_VIOLATION (0xc0000005) at pc=0x0fa417b9, pid=7120, tid=1552
#
# JRE version: 6.0_16-b01
# Java VM: Java HotSpot(TM) Client VM (14.2-b01 mixed mode windows-x86 )
# Problematic frame:
# C  [hdf_fw.dll+0x17b9]
#
# If you would like to submit a bug report, please visit:
#   http://java.sun.com/webapps/bugreport/crash.jsp
# The crash happened outside the Java Virtual Machine in native code.
# See problematic frame for where to report the bug.
#

---------------  T H R E A D  ---------------

Current thread (0x0cbf9800):  JavaThread "Thread-10" [_thread_in_native, id=1552, stack(0x0ee50000,0x0eea0000)]

siginfo: ExceptionCode=0xc0000005, reading address 0x0000008d

Registers:
EAX=0x0000007d, EBX=0x00000000, ECX=0x0e773548, EDX=0x00000558
ESP=0x0ee9c7b4, EBP=0x0fa6c220, ESI=0x0000007d, EDI=0x11458880
EIP=0x0fa417b9, EFLAGS=0x00210206

Top of Stack: (sp=0x0ee9c7b4)
0x0ee9c7b4:   0e773548 0fa6c232 0000007d 114588d0
0x0ee9c7c4:   0fa7c88e 0e773548 7c342151 0e920c80
0x0ee9c7d4:   0e9713d0 20000091 0fa7c909 0e9713d0
0x0ee9c7e4:   0fa6c220 00000000 00000000 0fa6c9a8
0x0ee9c7f4:   0e9713d0 0fa6c220 00000000 0e920c80
0x0ee9c804:   00000000 0fa6abaf 0e920c80 7c38b588
0x0ee9c814:   0e9de740 0ee9f92c 00000000 0faf24e4
0x0ee9c824:   20000091 740c2e73 00000000 00000000 

Instructions: (pc=0x0fa417b9)
0x0fa417a9:   cc cc cc cc cc cc cc 56 8b 74 24 08 85 f6 74 1c
0x0fa417b9:   8b 46 10 85 c0 74 15 57 8b 3d 58 d0 a8 0f 50 ff 


Stack: [0x0ee50000,0x0eea0000],  sp=0x0ee9c7b4,  free space=305k
Native frames: (J=compiled Java code, j=interpreted, Vv=VM code, C=native code)
C  [hdf_fw.dll+0x17b9]

Java frames: (J=compiled Java code, j=interpreted, Vv=VM code)
j  org.gdal.gdal.gdalJNI.Open__SWIG_1(Ljava/lang/String;)J+0
j  org.gdal.gdal.gdal.Open(Ljava/lang/String;)Lorg/gdal/gdal/Dataset;+1
j  edu.sdstate.eastweb.prototype.reprojection.ModisTileData.<init>(Ljava/io/File;)V+19
j  edu.sdstate.eastweb.prototype.reprojection.ModisReprojectionNew.initialize([Ljava/io/File;[I[Ljava/io/File;)V+98
j  edu.sdstate.eastweb.prototype.reprojection.ModisReprojectionNew.project([Ljava/io/File;Ledu/sdstate/eastweb/prototype/ProjectInfo;[Ljava/io/File;[I)V+15
j  edu.sdstate.eastweb.prototype.scheduler.tasks.PrepareModisTask.run()V+209
j  edu.sdstate.eastweb.prototype.scheduler.BaseTaskQueue$RunnableTaskQueueEntry.runActualTask()V+45
j  edu.sdstate.eastweb.prototype.scheduler.BaseTaskQueue$RunnableTaskQueueEntry.run()V+40
j  edu.sdstate.eastweb.prototype.scheduler.BaseTaskQueue$WorkerRunnable.run()V+42
j  java.lang.Thread.run()V+11
v  ~StubRoutines::call_stub

---------------  P R O C E S S  ---------------

Java Threads: ( => current thread )
  0x0cc00c00 JavaThread "Keep-Alive-Timer" daemon [_thread_blocked, id=7576, stack(0x0d660000,0x0d6b0000)]
  0x0cc00800 JavaThread "Thread-13" [_thread_blocked, id=8288, stack(0x0f000000,0x0f050000)]
  0x0cc00000 JavaThread "Thread-12" [_thread_blocked, id=4152, stack(0x0ef70000,0x0efc0000)]
  0x0cbf9c00 JavaThread "Thread-11" [_thread_blocked, id=5872, stack(0x0eee0000,0x0ef30000)]
=>0x0cbf9800 JavaThread "Thread-10" [_thread_in_native, id=1552, stack(0x0ee50000,0x0eea0000)]
  0x0cbf9000 JavaThread "Thread-9" [_thread_blocked, id=7888, stack(0x0edc0000,0x0ee10000)]
  0x0e6fb800 JavaThread "Thread-8" [_thread_in_native, id=3132, stack(0x0ed30000,0x0ed80000)]
  0x0e6fb000 JavaThread "Thread-7" [_thread_blocked, id=5656, stack(0x0eca0000,0x0ecf0000)]
  0x0e6fa000 JavaThread "Thread-6" [_thread_blocked, id=5464, stack(0x0ec10000,0x0ec60000)]
  0x0e6f9800 JavaThread "Thread-5" [_thread_blocked, id=9080, stack(0x0eb80000,0x0ebd0000)]
  0x0e6f9400 JavaThread "Thread-4" [_thread_blocked, id=7308, stack(0x0eaf0000,0x0eb40000)]
  0x0e6f8c00 JavaThread "Thread-3" [_thread_blocked, id=6832, stack(0x0d160000,0x0d1b0000)]
  0x0e6f8800 JavaThread "Thread-2" [_thread_blocked, id=7732, stack(0x0d110000,0x0d160000)]
  0x0250a400 JavaThread "Low Memory Detector" daemon [_thread_blocked, id=5348, stack(0x0c950000,0x0c9a0000)]
  0x02505000 JavaThread "CompilerThread0" daemon [_thread_blocked, id=9972, stack(0x0c8c0000,0x0c910000)]
  0x02504800 JavaThread "Attach Listener" daemon [_thread_blocked, id=6120, stack(0x0c830000,0x0c880000)]
  0x024fa000 JavaThread "Signal Dispatcher" daemon [_thread_blocked, id=8820, stack(0x0c7a0000,0x0c7f0000)]
  0x024cd800 JavaThread "Finalizer" daemon [_thread_blocked, id=5372, stack(0x0c710000,0x0c760000)]
  0x024c8c00 JavaThread "Reference Handler" daemon [_thread_blocked, id=7656, stack(0x0c680000,0x0c6d0000)]
  0x0242a000 JavaThread "main" [_thread_in_native, id=10192, stack(0x00430000,0x00480000)]

Other Threads:
  0x024c5000 VMThread [stack: 0x0c5f0000,0x0c640000] [id=6688]
  0x0250b400 WatcherThread [stack: 0x0c9e0000,0x0ca30000] [id=5912]

VM state:not at safepoint (normal execution)

VM Mutex/Monitor currently owned by a thread: None

Heap
 def new generation   total 3072K, used 1175K [0x045b0000, 0x04900000, 0x04a90000)
  eden space 2752K,  42% used [0x045b0000, 0x046d5c70, 0x04860000)
  from space 320K,   0% used [0x048b0000, 0x048b0000, 0x04900000)
  to   space 320K,   0% used [0x04860000, 0x04860000, 0x048b0000)
 tenured generation   total 40024K, used 35063K [0x04a90000, 0x071a6000, 0x085b0000)
   the space 40024K,  87% used [0x04a90000, 0x06ccde88, 0x06cce000, 0x071a6000)
 compacting perm gen  total 12288K, used 7416K [0x085b0000, 0x091b0000, 0x0c5b0000)
   the space 12288K,  60% used [0x085b0000, 0x08cee290, 0x08cee400, 0x091b0000)
No shared spaces configured.

Dynamic libraries:
0x00400000 - 0x00424000 	C:\Program Files (x86)\ArcGIS\Desktop10.0\java\jre\bin\javaw.exe
0x76f70000 - 0x770f0000 	C:\Windows\SysWOW64\ntdll.dll
0x74e70000 - 0x74f80000 	C:\Windows\syswow64\kernel32.dll
0x75580000 - 0x755c7000 	C:\Windows\syswow64\KERNELBASE.dll
0x764e0000 - 0x76580000 	C:\Windows\syswow64\ADVAPI32.dll
0x75440000 - 0x754ec000 	C:\Windows\syswow64\msvcrt.dll
0x76580000 - 0x76599000 	C:\Windows\SysWOW64\sechost.dll
0x765c0000 - 0x766b0000 	C:\Windows\syswow64\RPCRT4.dll
0x74650000 - 0x746b0000 	C:\Windows\syswow64\SspiCli.dll
0x74640000 - 0x7464c000 	C:\Windows\syswow64\CRYPTBASE.dll
0x749a0000 - 0x74aa0000 	C:\Windows\syswow64\USER32.dll
0x74de0000 - 0x74e70000 	C:\Windows\syswow64\GDI32.dll
0x76f40000 - 0x76f4a000 	C:\Windows\syswow64\LPK.dll
0x75600000 - 0x7569d000 	C:\Windows\syswow64\USP10.dll
0x75520000 - 0x75580000 	C:\Windows\system32\IMM32.DLL
0x748d0000 - 0x7499c000 	C:\Windows\syswow64\MSCTF.dll
0x7c340000 - 0x7c396000 	C:\Program Files (x86)\ArcGIS\Desktop10.0\java\jre\bin\msvcr71.dll
0x6d8b0000 - 0x6db3b000 	C:\Program Files (x86)\ArcGIS\Desktop10.0\java\jre\bin\client\jvm.dll
0x73540000 - 0x73572000 	C:\Windows\system32\WINMM.dll
0x72f30000 - 0x72f7c000 	C:\Windows\system32\apphelp.dll
0x6d860000 - 0x6d86c000 	C:\Program Files (x86)\ArcGIS\Desktop10.0\java\jre\bin\verify.dll
0x6d3e0000 - 0x6d3ff000 	C:\Program Files (x86)\ArcGIS\Desktop10.0\java\jre\bin\java.dll
0x6d340000 - 0x6d348000 	C:\Program Files (x86)\ArcGIS\Desktop10.0\java\jre\bin\hpi.dll
0x75230000 - 0x75235000 	C:\Windows\syswow64\PSAPI.DLL
0x6d8a0000 - 0x6d8af000 	C:\Program Files (x86)\ArcGIS\Desktop10.0\java\jre\bin\zip.dll
0x10000000 - 0x10063000 	C:\Users\general\AppData\Local\Temp\swtlib-32\swt-win32-3655.dll
0x76380000 - 0x764dc000 	C:\Windows\syswow64\ole32.dll
0x75140000 - 0x751cf000 	C:\Windows\syswow64\OLEAUT32.dll
0x74aa0000 - 0x74b1b000 	C:\Windows\syswow64\comdlg32.dll
0x751d0000 - 0x75227000 	C:\Windows\syswow64\SHLWAPI.dll
0x72d80000 - 0x72f1e000 	C:\Windows\WinSxS\x86_microsoft.windows.common-controls_6595b64144ccf1df_6.0.7601.17514_none_41e6975e2bd6f2b2\COMCTL32.dll
0x75730000 - 0x7637a000 	C:\Windows\syswow64\SHELL32.dll
0x747b0000 - 0x748cb000 	C:\Windows\syswow64\WININET.dll
0x746f0000 - 0x746f3000 	C:\Windows\syswow64\Normaliz.dll
0x74f80000 - 0x75139000 	C:\Windows\syswow64\iertutil.dll
0x74b20000 - 0x74c31000 	C:\Windows\syswow64\urlmon.dll
0x72aa0000 - 0x72b20000 	C:\Windows\system32\uxtheme.dll
0x728f0000 - 0x72903000 	C:\Windows\system32\dwmapi.dll
0x004d0000 - 0x004ed000 	C:\Users\general\AppData\Local\Temp\swtlib-32\swt-gdip-win32-3655.dll
0x70a60000 - 0x70bf0000 	C:\Windows\WinSxS\x86_microsoft.windows.gdiplus_6595b64144ccf1df_1.1.7601.17825_none_72d273598668a06b\gdiplus.dll
0x678b0000 - 0x679ab000 	C:\Windows\system32\WindowsCodecs.dll
0x74700000 - 0x74783000 	C:\Windows\syswow64\CLBCatQ.DLL
0x74070000 - 0x74086000 	C:\Windows\system32\CRYPTSP.dll
0x0ced0000 - 0x0cee7000 	C:\Users\general\Desktop\EASTWeb\prototype-workspace\prototype\ogrjni.dll
0x0f110000 - 0x0f7a4000 	C:\Users\general\Desktop\EASTWeb\prototype-workspace\prototype\gdal18.dll
0x0d040000 - 0x0d05e000 	C:\Users\general\Desktop\EASTWeb\prototype-workspace\prototype\ogdi_32b1.dll
0x0d060000 - 0x0d072000 	C:\Users\general\Desktop\EASTWeb\prototype-workspace\prototype\zlib_osgeo.dll
0x0f7b0000 - 0x0f7d6000 	C:\Users\general\Desktop\EASTWeb\prototype-workspace\prototype\libexpat.dll
0x74380000 - 0x74387000 	C:\Windows\system32\WSOCK32.dll
0x746b0000 - 0x746e5000 	C:\Windows\syswow64\WS2_32.dll
0x74790000 - 0x74796000 	C:\Windows\syswow64\NSI.dll
0x0f7f0000 - 0x0f832000 	C:\Users\general\Desktop\EASTWeb\prototype-workspace\prototype\proj.dll
0x12000000 - 0x121d0000 	C:\Users\general\Desktop\EASTWeb\prototype-workspace\prototype\xerces-c_3_1.dll
0x74090000 - 0x74133000 	C:\Windows\WinSxS\x86_microsoft.vc90.crt_1fc8b3b9a1e18e3b_9.0.30729.4940_none_50916076bcb9a742\MSVCR90.dll
0x0f850000 - 0x0f87d000 	C:\Users\general\Desktop\EASTWeb\prototype-workspace\prototype\LIBPQ.dll
0x0f890000 - 0x0f8c6000 	C:\Users\general\Desktop\EASTWeb\prototype-workspace\prototype\SSLEAY32.dll
0x0f8e0000 - 0x0f9df000 	C:\Users\general\Desktop\EASTWeb\prototype-workspace\prototype\LIBEAY32.dll
0x61cc0000 - 0x61cd3000 	C:\Users\general\Desktop\EASTWeb\prototype-workspace\prototype\libintl-8.dll
0x66000000 - 0x660e7000 	C:\Users\general\Desktop\EASTWeb\prototype-workspace\prototype\libiconv-2.dll
0x1c000000 - 0x1c09b000 	C:\Users\general\Desktop\EASTWeb\prototype-workspace\prototype\krb5_32.dll
0x0f9f0000 - 0x0f9f7000 	C:\Users\general\Desktop\EASTWeb\prototype-workspace\prototype\comerr32.dll
0x0fa00000 - 0x0fa08000 	C:\Users\general\Desktop\EASTWeb\prototype-workspace\prototype\k5sprt32.dll
0x0fa10000 - 0x0fa31000 	C:\Users\general\Desktop\EASTWeb\prototype-workspace\prototype\gssapi32.dll
0x73530000 - 0x73538000 	C:\Windows\system32\Secur32.dll
0x75360000 - 0x753a5000 	C:\Windows\syswow64\WLDAP32.dll
0x741d0000 - 0x7426b000 	C:\Windows\WinSxS\x86_microsoft.vc80.crt_1fc8b3b9a1e18e3b_8.0.50727.6195_none_d09154e044272b9a\MSVCR80.dll
0x0fa40000 - 0x0facc000 	C:\Users\general\Desktop\EASTWeb\prototype-workspace\prototype\hdf_fw.dll
0x0fad0000 - 0x0faed000 	C:\Users\general\Desktop\EASTWeb\prototype-workspace\prototype\jpeg_osgeo.dll
0x0faf0000 - 0x0fb08000 	C:\Users\general\Desktop\EASTWeb\prototype-workspace\prototype\mfhdf_fw.dll
0x0fb10000 - 0x0fb53000 	C:\Users\general\Desktop\EASTWeb\prototype-workspace\prototype\netcdf.dll
0x0fb60000 - 0x0fb80000 	C:\Users\general\Desktop\EASTWeb\prototype-workspace\prototype\geotiff.dll
0x0fb80000 - 0x0fbfc000 	C:\Users\general\Desktop\EASTWeb\prototype-workspace\prototype\libtiff.dll
0x0fc00000 - 0x0fc1d000 	C:\Users\general\Desktop\EASTWeb\prototype-workspace\prototype\jpeg12_osgeo.dll
0x7c3c0000 - 0x7c43c000 	C:\Windows\system32\MSVCP71.dll
0x0fc20000 - 0x0fc7e000 	C:\Users\general\Desktop\EASTWeb\prototype-workspace\prototype\sqlite3.dll
0x0fc80000 - 0x0fdc1000 	C:\Users\general\Desktop\EASTWeb\prototype-workspace\prototype\LIBMYSQL.dll
0x0fdd0000 - 0x0ff4d000 	C:\Users\general\Desktop\EASTWeb\prototype-workspace\prototype\geos_c.dll
0x74140000 - 0x741ce000 	C:\Windows\WinSxS\x86_microsoft.vc90.crt_1fc8b3b9a1e18e3b_9.0.30729.4940_none_50916076bcb9a742\MSVCP90.dll
0x10070000 - 0x10138000 	C:\Users\general\Desktop\EASTWeb\prototype-workspace\prototype\hdf5dll.dll
0x0ff60000 - 0x0ff72000 	C:\Users\general\Desktop\EASTWeb\prototype-workspace\prototype\zlib1.dll
0x0ff80000 - 0x0ffa2000 	C:\Users\general\Desktop\EASTWeb\prototype-workspace\prototype\szlibdll.dll
0x0ffb0000 - 0x0ffdb000 	C:\Users\general\Desktop\EASTWeb\prototype-workspace\prototype\libcurl.dll
0x737c0000 - 0x7384c000 	C:\Windows\system32\ODBC32.dll
0x739f0000 - 0x73a28000 	C:\Windows\system32\odbcint.dll
0x74030000 - 0x7406b000 	C:\Windows\system32\rsaenh.dll
0x72d20000 - 0x72d37000 	C:\Windows\system32\USERENV.dll
0x74010000 - 0x7401b000 	C:\Windows\system32\profapi.dll
0x6d6c0000 - 0x6d6d3000 	C:\Program Files (x86)\ArcGIS\Desktop10.0\java\jre\bin\net.dll
0x74390000 - 0x743cc000 	C:\Windows\system32\mswsock.dll
0x72d10000 - 0x72d16000 	C:\Windows\System32\wship6.dll
0x73910000 - 0x73920000 	C:\Windows\system32\NLAapi.dll
0x73900000 - 0x73910000 	C:\Windows\system32\napinsp.dll
0x101f0000 - 0x10224000 	C:\Users\general\Desktop\EASTWeb\prototype-workspace\prototype\gdaljni.dll
0x738e0000 - 0x738f2000 	C:\Windows\system32\pnrpnsp.dll
0x73960000 - 0x739a4000 	C:\Windows\system32\DNSAPI.dll
0x738d0000 - 0x738d8000 	C:\Windows\System32\winrnr.dll
0x74020000 - 0x74025000 	C:\Windows\System32\wshtcpip.dll
0x738b0000 - 0x738cc000 	C:\Windows\system32\IPHLPAPI.DLL
0x738a0000 - 0x738a7000 	C:\Windows\system32\WINNSI.DLL
0x73850000 - 0x73856000 	C:\Windows\system32\rasadhlp.dll
0x10140000 - 0x1014a000 	C:\Users\general\Desktop\EASTWeb\prototype-workspace\prototype\gdalconstjni.dll
0x73860000 - 0x73898000 	C:\Windows\System32\fwpuclnt.dll
0x0d5f0000 - 0x0d603000 	C:\Users\general\Desktop\EASTWeb\prototype-workspace\prototype\osrjni.dll

VM Arguments:
jvm_args: -Dfile.encoding=Cp1252 
java_command: edu.sdstate.eastweb.prototype.Program
Launcher Type: SUN_STANDARD

Environment Variables:
PATH=C:\Users\jiameng\gcc\bin;C:\Users\jiameng\gcc\libexec\gcc\i686-pc-mingw32\4.6.3;C:\Program Files (x86)\PHP\;C:\Windows\system32;C:\Windows;C:\Windows\System32\Wbem;C:\Windows\System32\WindowsPowerShell\v1.0\;C:\Program Files (x86)\ATI Technologies\ATI.ACE\Core-Static;C:\Program Files (x86)\Common Files\Roxio Shared\DLLShared\;C:\Program Files (x86)\Common Files\Roxio Shared\10.0\DLLShared;C:\Program Files (x86)\ArcGIS\Desktop10.0\Bin;C:\Program Files (x86)\Subversion\bin;C:\Program Files\TortoiseSVN\bin;C:\Program Files (x86)\PostgreSQL\8.4\bin
USERNAME=general
OS=Windows_NT
PROCESSOR_IDENTIFIER=Intel64 Family 6 Model 26 Stepping 5, GenuineIntel



---------------  S Y S T E M  ---------------

OS: Windows 7 Build 7601 Service Pack 1

CPU:total 4 (8 cores per cpu, 2 threads per core) family 6 model 26 stepping 5, cmov, cx8, fxsr, mmx, sse, sse2, sse3, ssse3, sse4.1, sse4.2, ht

Memory: 4k page, physical 4194303k(1696640k free), swap 4194303k(4194303k free)

vm_info: Java HotSpot(TM) Client VM (14.2-b01) for windows-x86 JRE (1.6.0_16-b01), built on Jul 31 2009 11:26:58 by "java_re" with MS VC++ 7.1

time: Fri Oct 18 14:18:00 2013
elapsed time: 7 seconds

