#
# A fatal error has been detected by the Java Runtime Environment:
#
#  EXCEPTION_ACCESS_VIOLATION (0xc0000005) at pc=0x0d9217b9, pid=3152, tid=5828
#
# JRE version: 6.0_16-b01
# Java VM: Java HotSpot(TM) Client VM (14.2-b01 mixed mode windows-x86 )
# Problematic frame:
# C  [hdf_fw.dll+0x17b9]
#
# If you would like to submit a bug report, please visit:
#   http://java.sun.com/webapps/bugreport/crash.jsp
# The crash happened outside the Java Virtual Machine in native code.
# See problematic frame for where to report the bug.
#

---------------  T H R E A D  ---------------

Current thread (0x024dd800):  JavaThread "Finalizer" daemon [_thread_in_native, id=5828, stack(0x0c6d0000,0x0c720000)]

siginfo: ExceptionCode=0xc0000005, reading address 0x00003867

Registers:
EAX=0x00003857, EBX=0x00000000, ECX=0x0e92d690, EDX=0x0e946578
ESP=0x0c71f70c, EBP=0x0d94c220, ESI=0x00003857, EDI=0x0e905778
EIP=0x0d9217b9, EFLAGS=0x00010202

Top of Stack: (sp=0x0c71f70c)
0x0c71f70c:   0e92d690 0d94c232 00003857 0d1410b8
0x0c71f71c:   0d95c88e 0e92d690 0d781e98 0e98b950
0x0c71f72c:   0e946578 2000007a 0d95c909 0e946578
0x0c71f73c:   0d94c220 00000000 00000000 0d94c9a8
0x0c71f74c:   0e946578 0d94c220 00000000 0e98b950
0x0c71f75c:   00000000 0d94abaf 0e98b950 7c38b568
0x0c71f76c:   00000000 0d781dd8 2000007a 0d246521
0x0c71f77c:   2000007a 2000007a 00060000 0c71f82c 

Instructions: (pc=0x0d9217b9)
0x0d9217a9:   cc cc cc cc cc cc cc 56 8b 74 24 08 85 f6 74 1c
0x0d9217b9:   8b 46 10 85 c0 74 15 57 8b 3d 58 d0 96 0d 50 ff 


Stack: [0x0c6d0000,0x0c720000],  sp=0x0c71f70c,  free space=317k
Native frames: (J=compiled Java code, j=interpreted, Vv=VM code, C=native code)
C  [hdf_fw.dll+0x17b9]

Java frames: (J=compiled Java code, j=interpreted, Vv=VM code)
j  org.gdal.gdal.gdalJNI.delete_Dataset(J)V+0
j  org.gdal.gdal.Dataset.delete()V+25
j  org.gdal.gdal.Dataset.finalize()V+1
v  ~StubRoutines::call_stub
j  java.lang.ref.Finalizer.invokeFinalizeMethod(Ljava/lang/Object;)V+0
j  java.lang.ref.Finalizer.runFinalizer()V+45
j  java.lang.ref.Finalizer.access$100(Ljava/lang/ref/Finalizer;)V+1
j  java.lang.ref.Finalizer$FinalizerThread.run()V+11
v  ~StubRoutines::call_stub

---------------  P R O C E S S  ---------------

Java Threads: ( => current thread )
  0x02530400 JavaThread "Low Memory Detector" daemon [_thread_blocked, id=4820, stack(0x0cc60000,0x0ccb0000)]
  0x0252d400 JavaThread "CompilerThread0" daemon [_thread_blocked, id=1364, stack(0x0cbd0000,0x0cc20000)]
  0x02522400 JavaThread "JDWP Command Reader" daemon [_thread_in_native, id=5424, stack(0x0cb00000,0x0cb50000)]
  0x02521c00 JavaThread "JDWP Event Helper Thread" daemon [_thread_blocked, id=5536, stack(0x0ca70000,0x0cac0000)]
  0x02520800 JavaThread "JDWP Transport Listener: dt_socket" daemon [_thread_blocked, id=1928, stack(0x0c9e0000,0x0ca30000)]
  0x02514c00 JavaThread "Attach Listener" daemon [_thread_blocked, id=1776, stack(0x0c7f0000,0x0c840000)]
  0x0250a400 JavaThread "Signal Dispatcher" daemon [_thread_blocked, id=4332, stack(0x0c760000,0x0c7b0000)]
=>0x024dd800 JavaThread "Finalizer" daemon [_thread_in_native, id=5828, stack(0x0c6d0000,0x0c720000)]
  0x024d9000 JavaThread "Reference Handler" daemon [_thread_blocked, id=1940, stack(0x0c640000,0x0c690000)]
  0x0035a400 JavaThread "main" [_thread_in_Java, id=3340, stack(0x002b0000,0x00300000)]

Other Threads:
  0x024d5400 VMThread [stack: 0x0c5b0000,0x0c600000] [id=4756]
  0x02531400 WatcherThread [stack: 0x0ccf0000,0x0cd40000] [id=1048]

VM state:not at safepoint (normal execution)

VM Mutex/Monitor currently owned by a thread: None

Heap
 def new generation   total 960K, used 150K [0x04540000, 0x04640000, 0x04a20000)
  eden space 896K,  16% used [0x04540000, 0x045659b8, 0x04620000)
  from space 64K,   7% used [0x04630000, 0x04631328, 0x04640000)
  to   space 64K,   0% used [0x04620000, 0x04620000, 0x04630000)
 tenured generation   total 9920K, used 8730K [0x04a20000, 0x053d0000, 0x08540000)
   the space 9920K,  88% used [0x04a20000, 0x052a6aa8, 0x052a6c00, 0x053d0000)
 compacting perm gen  total 12288K, used 4433K [0x08540000, 0x09140000, 0x0c540000)
   the space 12288K,  36% used [0x08540000, 0x08994698, 0x08994800, 0x09140000)
No shared spaces configured.

Dynamic libraries:
0x00400000 - 0x00424000 	C:\Program Files (x86)\ArcGIS\Desktop10.0\java\jre\bin\javaw.exe
0x76fa0000 - 0x77120000 	C:\Windows\SysWOW64\ntdll.dll
0x74900000 - 0x74a10000 	C:\Windows\syswow64\kernel32.dll
0x764d0000 - 0x76517000 	C:\Windows\syswow64\KERNELBASE.dll
0x75fa0000 - 0x76040000 	C:\Windows\syswow64\ADVAPI32.dll
0x762b0000 - 0x7635c000 	C:\Windows\syswow64\msvcrt.dll
0x75f80000 - 0x75f99000 	C:\Windows\SysWOW64\sechost.dll
0x76530000 - 0x76620000 	C:\Windows\syswow64\RPCRT4.dll
0x74680000 - 0x746e0000 	C:\Windows\syswow64\SspiCli.dll
0x74670000 - 0x7467c000 	C:\Windows\syswow64\CRYPTBASE.dll
0x74fe0000 - 0x750e0000 	C:\Windows\syswow64\USER32.dll
0x74710000 - 0x747a0000 	C:\Windows\syswow64\GDI32.dll
0x74d80000 - 0x74d8a000 	C:\Windows\syswow64\LPK.dll
0x74a20000 - 0x74abd000 	C:\Windows\syswow64\USP10.dll
0x74ac0000 - 0x74b20000 	C:\Windows\system32\IMM32.DLL
0x76040000 - 0x7610c000 	C:\Windows\syswow64\MSCTF.dll
0x7c340000 - 0x7c396000 	C:\Program Files (x86)\ArcGIS\Desktop10.0\java\jre\bin\msvcr71.dll
0x6d8b0000 - 0x6db3b000 	C:\Program Files (x86)\ArcGIS\Desktop10.0\java\jre\bin\client\jvm.dll
0x73780000 - 0x737b2000 	C:\Windows\system32\WINMM.dll
0x730d0000 - 0x7311c000 	C:\Windows\system32\apphelp.dll
0x6d860000 - 0x6d86c000 	C:\Program Files (x86)\ArcGIS\Desktop10.0\java\jre\bin\verify.dll
0x6d3e0000 - 0x6d3ff000 	C:\Program Files (x86)\ArcGIS\Desktop10.0\java\jre\bin\java.dll
0x6d340000 - 0x6d348000 	C:\Program Files (x86)\ArcGIS\Desktop10.0\java\jre\bin\hpi.dll
0x74a10000 - 0x74a15000 	C:\Windows\syswow64\PSAPI.DLL
0x6d430000 - 0x6d459000 	C:\Program Files (x86)\ArcGIS\Desktop10.0\java\jre\bin\jdwp.dll
0x6d750000 - 0x6d756000 	C:\Program Files (x86)\ArcGIS\Desktop10.0\java\jre\bin\npt.dll
0x6d8a0000 - 0x6d8af000 	C:\Program Files (x86)\ArcGIS\Desktop10.0\java\jre\bin\zip.dll
0x6d2b0000 - 0x6d2b7000 	C:\Program Files (x86)\ArcGIS\Desktop10.0\java\jre\bin\dt_socket.dll
0x75e50000 - 0x75e85000 	C:\Windows\syswow64\WS2_32.dll
0x76f70000 - 0x76f76000 	C:\Windows\syswow64\NSI.dll
0x73b70000 - 0x73b80000 	C:\Windows\system32\NLAapi.dll
0x73b60000 - 0x73b70000 	C:\Windows\system32\napinsp.dll
0x73b40000 - 0x73b52000 	C:\Windows\system32\pnrpnsp.dll
0x743c0000 - 0x743fc000 	C:\Windows\System32\mswsock.dll
0x73c80000 - 0x73cc4000 	C:\Windows\system32\DNSAPI.dll
0x73b30000 - 0x73b38000 	C:\Windows\System32\winrnr.dll
0x73b10000 - 0x73b2c000 	C:\Windows\system32\IPHLPAPI.DLL
0x73b00000 - 0x73b07000 	C:\Windows\system32\WINNSI.DLL
0x73ac0000 - 0x73af8000 	C:\Windows\System32\fwpuclnt.dll
0x73ab0000 - 0x73ab6000 	C:\Windows\system32\rasadhlp.dll
0x73b80000 - 0x73b85000 	C:\Windows\System32\wshtcpip.dll
0x10000000 - 0x10017000 	C:\Users\general\Desktop\EASTWeb\prototype-workspace\prototype\ogrjni.dll
0x0d180000 - 0x0d814000 	C:\Users\general\Desktop\EASTWeb\prototype-workspace\prototype\gdal18.dll
0x0c880000 - 0x0c89e000 	C:\Users\general\Desktop\EASTWeb\prototype-workspace\prototype\ogdi_32b1.dll
0x0c970000 - 0x0c982000 	C:\Users\general\Desktop\EASTWeb\prototype-workspace\prototype\zlib_osgeo.dll
0x0cda0000 - 0x0cdc6000 	C:\Users\general\Desktop\EASTWeb\prototype-workspace\prototype\libexpat.dll
0x743b0000 - 0x743b7000 	C:\Windows\system32\WSOCK32.dll
0x0cdd0000 - 0x0ce12000 	C:\Users\general\Desktop\EASTWeb\prototype-workspace\prototype\proj.dll
0x12000000 - 0x121d0000 	C:\Users\general\Desktop\EASTWeb\prototype-workspace\prototype\xerces-c_3_1.dll
0x73a00000 - 0x73aa3000 	C:\Windows\WinSxS\x86_microsoft.vc90.crt_1fc8b3b9a1e18e3b_9.0.30729.4940_none_50916076bcb9a742\MSVCR90.dll
0x0ce20000 - 0x0ce4d000 	C:\Users\general\Desktop\EASTWeb\prototype-workspace\prototype\LIBPQ.dll
0x0ce50000 - 0x0ce86000 	C:\Users\general\Desktop\EASTWeb\prototype-workspace\prototype\SSLEAY32.dll
0x0d820000 - 0x0d91f000 	C:\Users\general\Desktop\EASTWeb\prototype-workspace\prototype\LIBEAY32.dll
0x61cc0000 - 0x61cd3000 	C:\Users\general\Desktop\EASTWeb\prototype-workspace\prototype\libintl-8.dll
0x66000000 - 0x660e7000 	C:\Users\general\Desktop\EASTWeb\prototype-workspace\prototype\libiconv-2.dll
0x1c000000 - 0x1c09b000 	C:\Users\general\Desktop\EASTWeb\prototype-workspace\prototype\krb5_32.dll
0x0ce90000 - 0x0ce97000 	C:\Users\general\Desktop\EASTWeb\prototype-workspace\prototype\comerr32.dll
0x0cea0000 - 0x0cea8000 	C:\Users\general\Desktop\EASTWeb\prototype-workspace\prototype\k5sprt32.dll
0x0ceb0000 - 0x0ced1000 	C:\Users\general\Desktop\EASTWeb\prototype-workspace\prototype\gssapi32.dll
0x73cd0000 - 0x73cd8000 	C:\Windows\system32\Secur32.dll
0x76360000 - 0x763a5000 	C:\Windows\syswow64\WLDAP32.dll
0x750e0000 - 0x75d2a000 	C:\Windows\syswow64\SHELL32.dll
0x75f20000 - 0x75f77000 	C:\Windows\syswow64\SHLWAPI.dll
0x731c0000 - 0x7325b000 	C:\Windows\WinSxS\x86_microsoft.vc80.crt_1fc8b3b9a1e18e3b_8.0.50727.6195_none_d09154e044272b9a\MSVCR80.dll
0x0d920000 - 0x0d9ac000 	C:\Users\general\Desktop\EASTWeb\prototype-workspace\prototype\hdf_fw.dll
0x0cee0000 - 0x0cefd000 	C:\Users\general\Desktop\EASTWeb\prototype-workspace\prototype\jpeg_osgeo.dll
0x0cf00000 - 0x0cf18000 	C:\Users\general\Desktop\EASTWeb\prototype-workspace\prototype\mfhdf_fw.dll
0x0d9b0000 - 0x0d9f3000 	C:\Users\general\Desktop\EASTWeb\prototype-workspace\prototype\netcdf.dll
0x0cf20000 - 0x0cf40000 	C:\Users\general\Desktop\EASTWeb\prototype-workspace\prototype\geotiff.dll
0x0da00000 - 0x0da7c000 	C:\Users\general\Desktop\EASTWeb\prototype-workspace\prototype\libtiff.dll
0x0da80000 - 0x0da9d000 	C:\Users\general\Desktop\EASTWeb\prototype-workspace\prototype\jpeg12_osgeo.dll
0x7c3c0000 - 0x7c43c000 	C:\Windows\system32\MSVCP71.dll
0x0daa0000 - 0x0dafe000 	C:\Users\general\Desktop\EASTWeb\prototype-workspace\prototype\sqlite3.dll
0x0db00000 - 0x0dc41000 	C:\Users\general\Desktop\EASTWeb\prototype-workspace\prototype\LIBMYSQL.dll
0x0dc50000 - 0x0ddcd000 	C:\Users\general\Desktop\EASTWeb\prototype-workspace\prototype\geos_c.dll
0x73130000 - 0x731be000 	C:\Windows\WinSxS\x86_microsoft.vc90.crt_1fc8b3b9a1e18e3b_9.0.30729.4940_none_50916076bcb9a742\MSVCP90.dll
0x0dde0000 - 0x0dea8000 	C:\Users\general\Desktop\EASTWeb\prototype-workspace\prototype\hdf5dll.dll
0x0deb0000 - 0x0dec2000 	C:\Users\general\Desktop\EASTWeb\prototype-workspace\prototype\zlib1.dll
0x0ded0000 - 0x0def2000 	C:\Users\general\Desktop\EASTWeb\prototype-workspace\prototype\szlibdll.dll
0x0df00000 - 0x0df2b000 	C:\Users\general\Desktop\EASTWeb\prototype-workspace\prototype\libcurl.dll
0x73bf0000 - 0x73c7c000 	C:\Windows\system32\ODBC32.dll
0x73d10000 - 0x73d48000 	C:\Windows\system32\odbcint.dll
0x0e040000 - 0x0e074000 	C:\Users\general\Desktop\EASTWeb\prototype-workspace\prototype\gdaljni.dll
0x73330000 - 0x73346000 	C:\Windows\system32\CRYPTSP.dll
0x732f0000 - 0x7332b000 	C:\Windows\system32\rsaenh.dll
0x72d60000 - 0x72d77000 	C:\Windows\system32\USERENV.dll
0x730b0000 - 0x730bb000 	C:\Windows\system32\profapi.dll
0x6d6c0000 - 0x6d6d3000 	C:\Program Files (x86)\ArcGIS\Desktop10.0\java\jre\bin\net.dll
0x72d50000 - 0x72d56000 	C:\Windows\System32\wship6.dll
0x0e090000 - 0x0e09a000 	C:\Users\general\Desktop\EASTWeb\prototype-workspace\prototype\gdalconstjni.dll
0x0e0b0000 - 0x0e0c3000 	C:\Users\general\Desktop\EASTWeb\prototype-workspace\prototype\osrjni.dll

VM Arguments:
jvm_args: -agentlib:jdwp=transport=dt_socket,suspend=y,address=localhost:54097 -Dfile.encoding=Cp1252 
java_command: edu.sdstate.eastweb.prototype.reprojection.tests.ModisReprojectionTest
Launcher Type: SUN_STANDARD

Environment Variables:
PATH=C:\Program Files (x86)\ArcGIS\Desktop10.0\java\jre\bin;C:\Users\jiameng\gcc\bin;C:\Users\jiameng\gcc\libexec\gcc\i686-pc-mingw32\4.6.3;C:\Program Files (x86)\PHP\;C:\Windows\system32;C:\Windows;C:\Windows\System32\Wbem;C:\Windows\System32\WindowsPowerShell\v1.0\;C:\Program Files (x86)\ATI Technologies\ATI.ACE\Core-Static;C:\Program Files (x86)\Common Files\Roxio Shared\DLLShared\;C:\Program Files (x86)\Common Files\Roxio Shared\10.0\DLLShared;C:\Program Files (x86)\ArcGIS\Desktop10.0\Bin;C:\Program Files (x86)\Subversion\bin;C:\Program Files\TortoiseSVN\bin;C:\Program Files (x86)\PostgreSQL\8.4\bin
USERNAME=general
OS=Windows_NT
PROCESSOR_IDENTIFIER=Intel64 Family 6 Model 26 Stepping 5, GenuineIntel



---------------  S Y S T E M  ---------------

OS: Windows 7 Build 7601 Service Pack 1

CPU:total 4 (8 cores per cpu, 2 threads per core) family 6 model 26 stepping 5, cmov, cx8, fxsr, mmx, sse, sse2, sse3, ssse3, sse4.1, sse4.2, ht

Memory: 4k page, physical 4194303k(3996792k free), swap 4194303k(4194303k free)

vm_info: Java HotSpot(TM) Client VM (14.2-b01) for windows-x86 JRE (1.6.0_16-b01), built on Jul 31 2009 11:26:58 by "java_re" with MS VC++ 7.1

time: Tue Oct 22 13:45:25 2013
elapsed time: 9 seconds

