#
# A fatal error has been detected by the Java Runtime Environment:
#
#  EXCEPTION_ACCESS_VIOLATION (0xc0000005) at pc=0x76f9dfe4, pid=8876, tid=8592
#
# JRE version: 6.0_16-b01
# Java VM: Java HotSpot(TM) Client VM (14.2-b01 mixed mode windows-x86 )
# Problematic frame:
# C  [ntdll.dll+0x2dfe4]
#
# If you would like to submit a bug report, please visit:
#   http://java.sun.com/webapps/bugreport/crash.jsp
# The crash happened outside the Java Virtual Machine in native code.
# See problematic frame for where to report the bug.
#

---------------  T H R E A D  ---------------

Current thread (0x024ed800):  JavaThread "Finalizer" daemon [_thread_in_native, id=8592, stack(0x0c6c0000,0x0c710000)]

siginfo: ExceptionCode=0xc0000005, reading address 0x2020201f

Registers:
EAX=0x20202018, EBX=0x20202020, ECX=0x20202020, EDX=0x0000000c
ESP=0x0c70f4a8, EBP=0x0c70f4b8, ESI=0x02340000, EDI=0x00000000
EIP=0x76f9dfe4, EFLAGS=0x00010246

Top of Stack: (sp=0x0c70f4a8)
0x0c70f4a8:   20202020 7c342151 0e78e868 00000000
0x0c70f4b8:   0c70f4cc 74e814dd 02340000 00000000
0x0c70f4c8:   20202020 0c70f514 7c34218a 02340000
0x0c70f4d8:   00000000 20202020 7c342151 0e78e828
0x0c70f4e8:   0e78e868 0e78e868 00000367 76f9e023
0x0c70f4f8:   11334e58 0c70f4e0 0c70f07c 0c70f760
0x0c70f508:   7c34240d 7c37a3a8 ffffffff 0fa83870
0x0c70f518:   0fa83894 20202020 00000004 0e699218 

Instructions: (pc=0x76f9dfe4)
0x76f9dfd4:   db 62 00 00 f6 c3 07 0f 85 08 00 05 00 8d 43 f8
0x76f9dfe4:   80 78 07 05 0f 84 e4 ff 04 00 f6 40 07 3f 0f 84 


Stack: [0x0c6c0000,0x0c710000],  sp=0x0c70f4a8,  free space=317k
Native frames: (J=compiled Java code, j=interpreted, Vv=VM code, C=native code)
C  [ntdll.dll+0x2dfe4]
C  [kernel32.dll+0x114dd]
C  [msvcr71.dll+0x218a]

Java frames: (J=compiled Java code, j=interpreted, Vv=VM code)
j  org.gdal.gdal.gdalJNI.delete_Dataset(J)V+0
j  org.gdal.gdal.Dataset.delete()V+25
j  org.gdal.gdal.Dataset.finalize()V+1
v  ~StubRoutines::call_stub
j  java.lang.ref.Finalizer.invokeFinalizeMethod(Ljava/lang/Object;)V+0
j  java.lang.ref.Finalizer.runFinalizer()V+45
j  java.lang.ref.Finalizer.access$100(Ljava/lang/ref/Finalizer;)V+1
j  java.lang.ref.Finalizer$FinalizerThread.run()V+11
v  ~StubRoutines::call_stub

---------------  P R O C E S S  ---------------

Java Threads: ( => current thread )
  0x0cb5dc00 JavaThread "Thread-13" [_thread_blocked, id=8848, stack(0x0f020000,0x0f070000)]
  0x0cb5d400 JavaThread "Thread-12" [_thread_blocked, id=8800, stack(0x0ef90000,0x0efe0000)]
  0x0cb5d000 JavaThread "Thread-11" [_thread_blocked, id=8244, stack(0x0ef00000,0x0ef50000)]
  0x0cb5c800 JavaThread "Thread-10" [_thread_in_native, id=5260, stack(0x0ee70000,0x0eec0000)]
  0x0cb5c400 JavaThread "Thread-9" [_thread_blocked, id=3868, stack(0x0ede0000,0x0ee30000)]
  0x0cb5c000 JavaThread "Thread-8" [_thread_blocked, id=8784, stack(0x0ed50000,0x0eda0000)]
  0x0cb5b800 JavaThread "Thread-7" [_thread_blocked, id=8576, stack(0x0ecc0000,0x0ed10000)]
  0x0cb5b000 JavaThread "Thread-6" [_thread_blocked, id=8260, stack(0x0ec30000,0x0ec80000)]
  0x0cb5a000 JavaThread "Thread-5" [_thread_blocked, id=6996, stack(0x0eba0000,0x0ebf0000)]
  0x0cb59800 JavaThread "Thread-4" [_thread_blocked, id=1960, stack(0x0eb10000,0x0eb60000)]
  0x0cb59400 JavaThread "Thread-3" [_thread_blocked, id=8488, stack(0x0ea80000,0x0ead0000)]
  0x0cb59000 JavaThread "Thread-2" [_thread_blocked, id=8864, stack(0x0e9f0000,0x0ea40000)]
  0x0252a400 JavaThread "Low Memory Detector" daemon [_thread_blocked, id=8116, stack(0x0c900000,0x0c950000)]
  0x02525400 JavaThread "CompilerThread0" daemon [_thread_blocked, id=5540, stack(0x0c870000,0x0c8c0000)]
  0x02524800 JavaThread "Attach Listener" daemon [_thread_blocked, id=6340, stack(0x0c7e0000,0x0c830000)]
  0x0251a000 JavaThread "Signal Dispatcher" daemon [_thread_blocked, id=9060, stack(0x0c750000,0x0c7a0000)]
=>0x024ed800 JavaThread "Finalizer" daemon [_thread_in_native, id=8592, stack(0x0c6c0000,0x0c710000)]
  0x024e8c00 JavaThread "Reference Handler" daemon [_thread_blocked, id=6256, stack(0x0c630000,0x0c680000)]
  0x0234a000 JavaThread "main" [_thread_in_native, id=8648, stack(0x02270000,0x022c0000)]

Other Threads:
  0x024e5000 VMThread [stack: 0x0c5a0000,0x0c5f0000] [id=6404]
  0x0252d400 WatcherThread [stack: 0x0c990000,0x0c9e0000] [id=8820]

VM state:not at safepoint (normal execution)

VM Mutex/Monitor currently owned by a thread: None

Heap
 def new generation   total 4544K, used 0K [0x04550000, 0x04a30000, 0x04a30000)
  eden space 4096K,   0% used [0x04550000, 0x04550000, 0x04950000)
  from space 448K,   0% used [0x049c0000, 0x049c0000, 0x04a30000)
  to   space 448K,   0% used [0x04950000, 0x04950000, 0x049c0000)
 tenured generation   total 58640K, used 23696K [0x04a30000, 0x08374000, 0x08550000)
   the space 58640K,  40% used [0x04a30000, 0x06154250, 0x06154400, 0x08374000)
 compacting perm gen  total 12288K, used 6697K [0x08550000, 0x09150000, 0x0c550000)
   the space 12288K,  54% used [0x08550000, 0x08bda610, 0x08bda800, 0x09150000)
No shared spaces configured.

Dynamic libraries:
0x00400000 - 0x00424000 	C:\Program Files (x86)\ArcGIS\Desktop10.0\java\jre\bin\javaw.exe
0x76f70000 - 0x770f0000 	C:\Windows\SysWOW64\ntdll.dll
0x74e70000 - 0x74f80000 	C:\Windows\syswow64\kernel32.dll
0x75580000 - 0x755c7000 	C:\Windows\syswow64\KERNELBASE.dll
0x764e0000 - 0x76580000 	C:\Windows\syswow64\ADVAPI32.dll
0x75440000 - 0x754ec000 	C:\Windows\syswow64\msvcrt.dll
0x76580000 - 0x76599000 	C:\Windows\SysWOW64\sechost.dll
0x765c0000 - 0x766b0000 	C:\Windows\syswow64\RPCRT4.dll
0x74650000 - 0x746b0000 	C:\Windows\syswow64\SspiCli.dll
0x74640000 - 0x7464c000 	C:\Windows\syswow64\CRYPTBASE.dll
0x749a0000 - 0x74aa0000 	C:\Windows\syswow64\USER32.dll
0x74de0000 - 0x74e70000 	C:\Windows\syswow64\GDI32.dll
0x76f40000 - 0x76f4a000 	C:\Windows\syswow64\LPK.dll
0x75600000 - 0x7569d000 	C:\Windows\syswow64\USP10.dll
0x75520000 - 0x75580000 	C:\Windows\system32\IMM32.DLL
0x748d0000 - 0x7499c000 	C:\Windows\syswow64\MSCTF.dll
0x7c340000 - 0x7c396000 	C:\Program Files (x86)\ArcGIS\Desktop10.0\java\jre\bin\msvcr71.dll
0x6d8b0000 - 0x6db3b000 	C:\Program Files (x86)\ArcGIS\Desktop10.0\java\jre\bin\client\jvm.dll
0x73540000 - 0x73572000 	C:\Windows\system32\WINMM.dll
0x72f30000 - 0x72f7c000 	C:\Windows\system32\apphelp.dll
0x6d860000 - 0x6d86c000 	C:\Program Files (x86)\ArcGIS\Desktop10.0\java\jre\bin\verify.dll
0x6d3e0000 - 0x6d3ff000 	C:\Program Files (x86)\ArcGIS\Desktop10.0\java\jre\bin\java.dll
0x6d340000 - 0x6d348000 	C:\Program Files (x86)\ArcGIS\Desktop10.0\java\jre\bin\hpi.dll
0x75230000 - 0x75235000 	C:\Windows\syswow64\PSAPI.DLL
0x6d8a0000 - 0x6d8af000 	C:\Program Files (x86)\ArcGIS\Desktop10.0\java\jre\bin\zip.dll
0x10000000 - 0x10063000 	C:\Users\general\AppData\Local\Temp\swtlib-32\swt-win32-3655.dll
0x76380000 - 0x764dc000 	C:\Windows\syswow64\ole32.dll
0x75140000 - 0x751cf000 	C:\Windows\syswow64\OLEAUT32.dll
0x74aa0000 - 0x74b1b000 	C:\Windows\syswow64\comdlg32.dll
0x751d0000 - 0x75227000 	C:\Windows\syswow64\SHLWAPI.dll
0x72d80000 - 0x72f1e000 	C:\Windows\WinSxS\x86_microsoft.windows.common-controls_6595b64144ccf1df_6.0.7601.17514_none_41e6975e2bd6f2b2\COMCTL32.dll
0x75730000 - 0x7637a000 	C:\Windows\syswow64\SHELL32.dll
0x747b0000 - 0x748cb000 	C:\Windows\syswow64\WININET.dll
0x746f0000 - 0x746f3000 	C:\Windows\syswow64\Normaliz.dll
0x74f80000 - 0x75139000 	C:\Windows\syswow64\iertutil.dll
0x74b20000 - 0x74c31000 	C:\Windows\syswow64\urlmon.dll
0x72aa0000 - 0x72b20000 	C:\Windows\system32\uxtheme.dll
0x728f0000 - 0x72903000 	C:\Windows\system32\dwmapi.dll
0x0cc00000 - 0x0cc1d000 	C:\Users\general\AppData\Local\Temp\swtlib-32\swt-gdip-win32-3655.dll
0x70a60000 - 0x70bf0000 	C:\Windows\WinSxS\x86_microsoft.windows.gdiplus_6595b64144ccf1df_1.1.7601.17825_none_72d273598668a06b\gdiplus.dll
0x678b0000 - 0x679ab000 	C:\Windows\system32\WindowsCodecs.dll
0x74700000 - 0x74783000 	C:\Windows\syswow64\CLBCatQ.DLL
0x0d020000 - 0x0d037000 	C:\Users\general\Desktop\EASTWeb\prototype-workspace\prototype\ogrjni.dll
0x0f130000 - 0x0f7c4000 	C:\Users\general\Desktop\EASTWeb\prototype-workspace\prototype\gdal18.dll
0x0d050000 - 0x0d06e000 	C:\Users\general\Desktop\EASTWeb\prototype-workspace\prototype\ogdi_32b1.dll
0x0d070000 - 0x0d082000 	C:\Users\general\Desktop\EASTWeb\prototype-workspace\prototype\zlib_osgeo.dll
0x0f7d0000 - 0x0f7f6000 	C:\Users\general\Desktop\EASTWeb\prototype-workspace\prototype\libexpat.dll
0x74380000 - 0x74387000 	C:\Windows\system32\WSOCK32.dll
0x746b0000 - 0x746e5000 	C:\Windows\syswow64\WS2_32.dll
0x74790000 - 0x74796000 	C:\Windows\syswow64\NSI.dll
0x0f800000 - 0x0f842000 	C:\Users\general\Desktop\EASTWeb\prototype-workspace\prototype\proj.dll
0x12000000 - 0x121d0000 	C:\Users\general\Desktop\EASTWeb\prototype-workspace\prototype\xerces-c_3_1.dll
0x74090000 - 0x74133000 	C:\Windows\WinSxS\x86_microsoft.vc90.crt_1fc8b3b9a1e18e3b_9.0.30729.4940_none_50916076bcb9a742\MSVCR90.dll
0x0f850000 - 0x0f87d000 	C:\Users\general\Desktop\EASTWeb\prototype-workspace\prototype\LIBPQ.dll
0x0f890000 - 0x0f8c6000 	C:\Users\general\Desktop\EASTWeb\prototype-workspace\prototype\SSLEAY32.dll
0x0f8e0000 - 0x0f9df000 	C:\Users\general\Desktop\EASTWeb\prototype-workspace\prototype\LIBEAY32.dll
0x61cc0000 - 0x61cd3000 	C:\Users\general\Desktop\EASTWeb\prototype-workspace\prototype\libintl-8.dll
0x66000000 - 0x660e7000 	C:\Users\general\Desktop\EASTWeb\prototype-workspace\prototype\libiconv-2.dll
0x1c000000 - 0x1c09b000 	C:\Users\general\Desktop\EASTWeb\prototype-workspace\prototype\krb5_32.dll
0x0f9f0000 - 0x0f9f7000 	C:\Users\general\Desktop\EASTWeb\prototype-workspace\prototype\comerr32.dll
0x0fa00000 - 0x0fa08000 	C:\Users\general\Desktop\EASTWeb\prototype-workspace\prototype\k5sprt32.dll
0x0fa10000 - 0x0fa31000 	C:\Users\general\Desktop\EASTWeb\prototype-workspace\prototype\gssapi32.dll
0x73530000 - 0x73538000 	C:\Windows\system32\Secur32.dll
0x75360000 - 0x753a5000 	C:\Windows\syswow64\WLDAP32.dll
0x741d0000 - 0x7426b000 	C:\Windows\WinSxS\x86_microsoft.vc80.crt_1fc8b3b9a1e18e3b_8.0.50727.6195_none_d09154e044272b9a\MSVCR80.dll
0x0fa40000 - 0x0facc000 	C:\Users\general\Desktop\EASTWeb\prototype-workspace\prototype\hdf_fw.dll
0x0fad0000 - 0x0faed000 	C:\Users\general\Desktop\EASTWeb\prototype-workspace\prototype\jpeg_osgeo.dll
0x0faf0000 - 0x0fb08000 	C:\Users\general\Desktop\EASTWeb\prototype-workspace\prototype\mfhdf_fw.dll
0x0fb10000 - 0x0fb53000 	C:\Users\general\Desktop\EASTWeb\prototype-workspace\prototype\netcdf.dll
0x0fb60000 - 0x0fb80000 	C:\Users\general\Desktop\EASTWeb\prototype-workspace\prototype\geotiff.dll
0x0fb80000 - 0x0fbfc000 	C:\Users\general\Desktop\EASTWeb\prototype-workspace\prototype\libtiff.dll
0x0fc00000 - 0x0fc1d000 	C:\Users\general\Desktop\EASTWeb\prototype-workspace\prototype\jpeg12_osgeo.dll
0x7c3c0000 - 0x7c43c000 	C:\Windows\system32\MSVCP71.dll
0x0fc20000 - 0x0fc7e000 	C:\Users\general\Desktop\EASTWeb\prototype-workspace\prototype\sqlite3.dll
0x0fc80000 - 0x0fdc1000 	C:\Users\general\Desktop\EASTWeb\prototype-workspace\prototype\LIBMYSQL.dll
0x0fdd0000 - 0x0ff4d000 	C:\Users\general\Desktop\EASTWeb\prototype-workspace\prototype\geos_c.dll
0x74140000 - 0x741ce000 	C:\Windows\WinSxS\x86_microsoft.vc90.crt_1fc8b3b9a1e18e3b_9.0.30729.4940_none_50916076bcb9a742\MSVCP90.dll
0x10070000 - 0x10138000 	C:\Users\general\Desktop\EASTWeb\prototype-workspace\prototype\hdf5dll.dll
0x0ff60000 - 0x0ff72000 	C:\Users\general\Desktop\EASTWeb\prototype-workspace\prototype\zlib1.dll
0x0ff80000 - 0x0ffa2000 	C:\Users\general\Desktop\EASTWeb\prototype-workspace\prototype\szlibdll.dll
0x0ffb0000 - 0x0ffdb000 	C:\Users\general\Desktop\EASTWeb\prototype-workspace\prototype\libcurl.dll
0x737c0000 - 0x7384c000 	C:\Windows\system32\ODBC32.dll
0x739f0000 - 0x73a28000 	C:\Windows\system32\odbcint.dll
0x10180000 - 0x101b4000 	C:\Users\general\Desktop\EASTWeb\prototype-workspace\prototype\gdaljni.dll
0x0fff0000 - 0x0fffa000 	C:\Users\general\Desktop\EASTWeb\prototype-workspace\prototype\gdalconstjni.dll
0x10150000 - 0x10163000 	C:\Users\general\Desktop\EASTWeb\prototype-workspace\prototype\osrjni.dll

VM Arguments:
jvm_args: -Dfile.encoding=Cp1252 
java_command: edu.sdstate.eastweb.prototype.Program
Launcher Type: SUN_STANDARD

Environment Variables:
PATH=C:\Users\jiameng\gcc\bin;C:\Users\jiameng\gcc\libexec\gcc\i686-pc-mingw32\4.6.3;C:\Program Files (x86)\PHP\;C:\Windows\system32;C:\Windows;C:\Windows\System32\Wbem;C:\Windows\System32\WindowsPowerShell\v1.0\;C:\Program Files (x86)\ATI Technologies\ATI.ACE\Core-Static;C:\Program Files (x86)\Common Files\Roxio Shared\DLLShared\;C:\Program Files (x86)\Common Files\Roxio Shared\10.0\DLLShared;C:\Program Files (x86)\ArcGIS\Desktop10.0\Bin;C:\Program Files (x86)\Subversion\bin;C:\Program Files\TortoiseSVN\bin;C:\Program Files (x86)\PostgreSQL\8.4\bin
USERNAME=general
OS=Windows_NT
PROCESSOR_IDENTIFIER=Intel64 Family 6 Model 26 Stepping 5, GenuineIntel



---------------  S Y S T E M  ---------------

OS: Windows 7 Build 7601 Service Pack 1

CPU:total 4 (8 cores per cpu, 2 threads per core) family 6 model 26 stepping 5, cmov, cx8, fxsr, mmx, sse, sse2, sse3, ssse3, sse4.1, sse4.2, ht

Memory: 4k page, physical 4194303k(2124412k free), swap 4194303k(4194303k free)

vm_info: Java HotSpot(TM) Client VM (14.2-b01) for windows-x86 JRE (1.6.0_16-b01), built on Jul 31 2009 11:26:58 by "java_re" with MS VC++ 7.1

time: Sun Sep 08 15:09:34 2013
elapsed time: 4 seconds

