#
# A fatal error has been detected by the Java Runtime Environment:
#
#  EXCEPTION_ACCESS_VIOLATION (0xc0000005) at pc=0x0d8c1344, pid=3920, tid=5136
#
# JRE version: 6.0_16-b01
# Java VM: Java HotSpot(TM) Client VM (14.2-b01 mixed mode windows-x86 )
# Problematic frame:
# C  [hdf_fw.dll+0x1344]
#
# If you would like to submit a bug report, please visit:
#   http://java.sun.com/webapps/bugreport/crash.jsp
# The crash happened outside the Java Virtual Machine in native code.
# See problematic frame for where to report the bug.
#

---------------  T H R E A D  ---------------

Current thread (0x025fa400):  JavaThread "main" [_thread_in_native, id=5136, stack(0x00430000,0x00480000)]

siginfo: ExceptionCode=0xc0000005, reading address 0x00000004

Registers:
EAX=0x00000000, EBX=0x0e806ac8, ECX=0x00000069, EDX=0x00553938
ESP=0x0047cf1c, EBP=0x00000000, ESI=0x00007669, EDI=0x00000000
EIP=0x0d8c1344, EFLAGS=0x00210246

Top of Stack: (sp=0x0047cf1c)
0x0047cf1c:   0d8c154f 00007669 0d8eb00d 00007669
0x0047cf2c:   00000002 0cf64fe8 0d8e6cb8 00007669
0x0047cf3c:   00000000 00000000 0047cf5c 0047cf58
0x0047cf4c:   0cf64ee8 10036368 7c342151 000e97db
0x0047cf5c:   00000010 00000002 0d8dd3e1 10036368
0x0047cf6c:   00000002 00000000 0cf64ee8 0e806ac8
0x0047cf7c:   ffffffff 00000001 0e806ac8 00000022
0x0047cf8c:   0d8e47ab 0e806ac8 0047cfa8 00000002 

Instructions: (pc=0x0d8c1344)
0x0d8c1334:   30 74 07 8b 40 08 85 c0 75 f5 89 35 1c 40 91 0d
0x0d8c1344:   8b 48 04 89 0d cc ba 91 0d c3 68 5d 02 00 00 68 


Stack: [0x00430000,0x00480000],  sp=0x0047cf1c,  free space=307k
Native frames: (J=compiled Java code, j=interpreted, Vv=VM code, C=native code)
C  [hdf_fw.dll+0x1344]

[error occurred during error reporting (printing native stack), id 0xc0000005]

Java frames: (J=compiled Java code, j=interpreted, Vv=VM code)
j  org.gdal.gdal.gdalJNI.Open__SWIG_0(Ljava/lang/String;I)J+0
j  org.gdal.gdal.gdal.Open(Ljava/lang/String;I)Lorg/gdal/gdal/Dataset;+2
j  edu.sdstate.eastweb.prototype.reprojection.ModisReprojectionNew.linkTiles()V+278
j  edu.sdstate.eastweb.prototype.reprojection.ModisReprojectionNew.project([Ljava/io/File;Ledu/sdstate/eastweb/prototype/ProjectInfo;[Ljava/io/File;[I)V+47
j  edu.sdstate.eastweb.prototype.scheduler.tasks.PrepareModisTask.run()V+219
j  edu.sdstate.eastweb.prototype.reprojection.tests.ModisReprojectionTest.testByProcess()V+173
j  edu.sdstate.eastweb.prototype.reprojection.tests.ModisReprojectionTest.main([Ljava/lang/String;)V+0
v  ~StubRoutines::call_stub

---------------  P R O C E S S  ---------------

Java Threads: ( => current thread )
  0x00573c00 JavaThread "Low Memory Detector" daemon [_thread_blocked, id=5872, stack(0x0ccc0000,0x0cd10000)]
  0x00570c00 JavaThread "CompilerThread0" daemon [_thread_blocked, id=2760, stack(0x0cc30000,0x0cc80000)]
  0x00565c00 JavaThread "JDWP Command Reader" daemon [_thread_in_native, id=2548, stack(0x0cb30000,0x0cb80000)]
  0x00563400 JavaThread "JDWP Event Helper Thread" daemon [_thread_blocked, id=1212, stack(0x0caa0000,0x0caf0000)]
  0x00562400 JavaThread "JDWP Transport Listener: dt_socket" daemon [_thread_blocked, id=2236, stack(0x0c980000,0x0c9d0000)]
  0x00556800 JavaThread "Attach Listener" daemon [_thread_blocked, id=3148, stack(0x0c840000,0x0c890000)]
  0x0054bc00 JavaThread "Signal Dispatcher" daemon [_thread_blocked, id=748, stack(0x0c7b0000,0x0c800000)]
  0x0051f800 JavaThread "Finalizer" daemon [_thread_blocked, id=2184, stack(0x0c720000,0x0c770000)]
  0x00519000 JavaThread "Reference Handler" daemon [_thread_blocked, id=4228, stack(0x0c690000,0x0c6e0000)]
=>0x025fa400 JavaThread "main" [_thread_in_native, id=5136, stack(0x00430000,0x00480000)]

Other Threads:
  0x00515400 VMThread [stack: 0x0c600000,0x0c650000] [id=5668]
  0x0057e800 WatcherThread [stack: 0x0cd50000,0x0cda0000] [id=5788]

VM state:not at safepoint (normal execution)

VM Mutex/Monitor currently owned by a thread: None

Heap
 def new generation   total 960K, used 6K [0x04600000, 0x04700000, 0x04ae0000)
  eden space 896K,   0% used [0x04600000, 0x04601a28, 0x046e0000)
  from space 64K,   0% used [0x046f0000, 0x046f0000, 0x04700000)
  to   space 64K,   0% used [0x046e0000, 0x046e0000, 0x046f0000)
 tenured generation   total 9920K, used 5995K [0x04ae0000, 0x05490000, 0x08600000)
   the space 9920K,  60% used [0x04ae0000, 0x050bad40, 0x050bae00, 0x05490000)
 compacting perm gen  total 12288K, used 4441K [0x08600000, 0x09200000, 0x0c600000)
   the space 12288K,  36% used [0x08600000, 0x08a56448, 0x08a56600, 0x09200000)
No shared spaces configured.

Dynamic libraries:
0x00400000 - 0x00424000 	C:\Program Files (x86)\ArcGIS\Desktop10.0\java\jre\bin\javaw.exe
0x76fa0000 - 0x77120000 	C:\Windows\SysWOW64\ntdll.dll
0x74900000 - 0x74a10000 	C:\Windows\syswow64\kernel32.dll
0x764d0000 - 0x76517000 	C:\Windows\syswow64\KERNELBASE.dll
0x75fa0000 - 0x76040000 	C:\Windows\syswow64\ADVAPI32.dll
0x762b0000 - 0x7635c000 	C:\Windows\syswow64\msvcrt.dll
0x75f80000 - 0x75f99000 	C:\Windows\SysWOW64\sechost.dll
0x76530000 - 0x76620000 	C:\Windows\syswow64\RPCRT4.dll
0x74680000 - 0x746e0000 	C:\Windows\syswow64\SspiCli.dll
0x74670000 - 0x7467c000 	C:\Windows\syswow64\CRYPTBASE.dll
0x74fe0000 - 0x750e0000 	C:\Windows\syswow64\USER32.dll
0x74710000 - 0x747a0000 	C:\Windows\syswow64\GDI32.dll
0x74d80000 - 0x74d8a000 	C:\Windows\syswow64\LPK.dll
0x74a20000 - 0x74abd000 	C:\Windows\syswow64\USP10.dll
0x74ac0000 - 0x74b20000 	C:\Windows\system32\IMM32.DLL
0x76040000 - 0x7610c000 	C:\Windows\syswow64\MSCTF.dll
0x7c340000 - 0x7c396000 	C:\Program Files (x86)\ArcGIS\Desktop10.0\java\jre\bin\msvcr71.dll
0x6d8b0000 - 0x6db3b000 	C:\Program Files (x86)\ArcGIS\Desktop10.0\java\jre\bin\client\jvm.dll
0x73780000 - 0x737b2000 	C:\Windows\system32\WINMM.dll
0x730d0000 - 0x7311c000 	C:\Windows\system32\apphelp.dll
0x6d860000 - 0x6d86c000 	C:\Program Files (x86)\ArcGIS\Desktop10.0\java\jre\bin\verify.dll
0x6d3e0000 - 0x6d3ff000 	C:\Program Files (x86)\ArcGIS\Desktop10.0\java\jre\bin\java.dll
0x6d340000 - 0x6d348000 	C:\Program Files (x86)\ArcGIS\Desktop10.0\java\jre\bin\hpi.dll
0x74a10000 - 0x74a15000 	C:\Windows\syswow64\PSAPI.DLL
0x6d430000 - 0x6d459000 	C:\Program Files (x86)\ArcGIS\Desktop10.0\java\jre\bin\jdwp.dll
0x6d750000 - 0x6d756000 	C:\Program Files (x86)\ArcGIS\Desktop10.0\java\jre\bin\npt.dll
0x6d8a0000 - 0x6d8af000 	C:\Program Files (x86)\ArcGIS\Desktop10.0\java\jre\bin\zip.dll
0x6d2b0000 - 0x6d2b7000 	C:\Program Files (x86)\ArcGIS\Desktop10.0\java\jre\bin\dt_socket.dll
0x75e50000 - 0x75e85000 	C:\Windows\syswow64\WS2_32.dll
0x76f70000 - 0x76f76000 	C:\Windows\syswow64\NSI.dll
0x73b70000 - 0x73b80000 	C:\Windows\system32\NLAapi.dll
0x73b60000 - 0x73b70000 	C:\Windows\system32\napinsp.dll
0x73b40000 - 0x73b52000 	C:\Windows\system32\pnrpnsp.dll
0x743c0000 - 0x743fc000 	C:\Windows\System32\mswsock.dll
0x73c80000 - 0x73cc4000 	C:\Windows\system32\DNSAPI.dll
0x73b30000 - 0x73b38000 	C:\Windows\System32\winrnr.dll
0x73b10000 - 0x73b2c000 	C:\Windows\system32\IPHLPAPI.DLL
0x73b00000 - 0x73b07000 	C:\Windows\system32\WINNSI.DLL
0x73ac0000 - 0x73af8000 	C:\Windows\System32\fwpuclnt.dll
0x73ab0000 - 0x73ab6000 	C:\Windows\system32\rasadhlp.dll
0x73b80000 - 0x73b85000 	C:\Windows\System32\wshtcpip.dll
0x10000000 - 0x10017000 	C:\Users\general\Desktop\EASTWeb\prototype-workspace\prototype\ogrjni.dll
0x0d040000 - 0x0d6d4000 	C:\Users\general\Desktop\EASTWeb\prototype-workspace\prototype\gdal18.dll
0x025c0000 - 0x025de000 	C:\Users\general\Desktop\EASTWeb\prototype-workspace\prototype\ogdi_32b1.dll
0x0cbc0000 - 0x0cbd2000 	C:\Users\general\Desktop\EASTWeb\prototype-workspace\prototype\zlib_osgeo.dll
0x0cda0000 - 0x0cdc6000 	C:\Users\general\Desktop\EASTWeb\prototype-workspace\prototype\libexpat.dll
0x743b0000 - 0x743b7000 	C:\Windows\system32\WSOCK32.dll
0x0d6e0000 - 0x0d722000 	C:\Users\general\Desktop\EASTWeb\prototype-workspace\prototype\proj.dll
0x12000000 - 0x121d0000 	C:\Users\general\Desktop\EASTWeb\prototype-workspace\prototype\xerces-c_3_1.dll
0x73a00000 - 0x73aa3000 	C:\Windows\WinSxS\x86_microsoft.vc90.crt_1fc8b3b9a1e18e3b_9.0.30729.4940_none_50916076bcb9a742\MSVCR90.dll
0x0cdd0000 - 0x0cdfd000 	C:\Users\general\Desktop\EASTWeb\prototype-workspace\prototype\LIBPQ.dll
0x0d730000 - 0x0d766000 	C:\Users\general\Desktop\EASTWeb\prototype-workspace\prototype\SSLEAY32.dll
0x0d770000 - 0x0d86f000 	C:\Users\general\Desktop\EASTWeb\prototype-workspace\prototype\LIBEAY32.dll
0x61cc0000 - 0x61cd3000 	C:\Users\general\Desktop\EASTWeb\prototype-workspace\prototype\libintl-8.dll
0x66000000 - 0x660e7000 	C:\Users\general\Desktop\EASTWeb\prototype-workspace\prototype\libiconv-2.dll
0x1c000000 - 0x1c09b000 	C:\Users\general\Desktop\EASTWeb\prototype-workspace\prototype\krb5_32.dll
0x0d870000 - 0x0d877000 	C:\Users\general\Desktop\EASTWeb\prototype-workspace\prototype\comerr32.dll
0x0d880000 - 0x0d888000 	C:\Users\general\Desktop\EASTWeb\prototype-workspace\prototype\k5sprt32.dll
0x0d890000 - 0x0d8b1000 	C:\Users\general\Desktop\EASTWeb\prototype-workspace\prototype\gssapi32.dll
0x73cd0000 - 0x73cd8000 	C:\Windows\system32\Secur32.dll
0x76360000 - 0x763a5000 	C:\Windows\syswow64\WLDAP32.dll
0x750e0000 - 0x75d2a000 	C:\Windows\syswow64\SHELL32.dll
0x75f20000 - 0x75f77000 	C:\Windows\syswow64\SHLWAPI.dll
0x731c0000 - 0x7325b000 	C:\Windows\WinSxS\x86_microsoft.vc80.crt_1fc8b3b9a1e18e3b_8.0.50727.6195_none_d09154e044272b9a\MSVCR80.dll
0x0d8c0000 - 0x0d94c000 	C:\Users\general\Desktop\EASTWeb\prototype-workspace\prototype\hdf_fw.dll
0x0d950000 - 0x0d96d000 	C:\Users\general\Desktop\EASTWeb\prototype-workspace\prototype\jpeg_osgeo.dll
0x0d970000 - 0x0d988000 	C:\Users\general\Desktop\EASTWeb\prototype-workspace\prototype\mfhdf_fw.dll
0x0d990000 - 0x0d9d3000 	C:\Users\general\Desktop\EASTWeb\prototype-workspace\prototype\netcdf.dll
0x0d9e0000 - 0x0da00000 	C:\Users\general\Desktop\EASTWeb\prototype-workspace\prototype\geotiff.dll
0x0da00000 - 0x0da7c000 	C:\Users\general\Desktop\EASTWeb\prototype-workspace\prototype\libtiff.dll
0x0da80000 - 0x0da9d000 	C:\Users\general\Desktop\EASTWeb\prototype-workspace\prototype\jpeg12_osgeo.dll
0x7c3c0000 - 0x7c43c000 	C:\Windows\system32\MSVCP71.dll
0x0daa0000 - 0x0dafe000 	C:\Users\general\Desktop\EASTWeb\prototype-workspace\prototype\sqlite3.dll
0x0db00000 - 0x0dc41000 	C:\Users\general\Desktop\EASTWeb\prototype-workspace\prototype\LIBMYSQL.dll
0x0dc50000 - 0x0ddcd000 	C:\Users\general\Desktop\EASTWeb\prototype-workspace\prototype\geos_c.dll
0x73130000 - 0x731be000 	C:\Windows\WinSxS\x86_microsoft.vc90.crt_1fc8b3b9a1e18e3b_9.0.30729.4940_none_50916076bcb9a742\MSVCP90.dll
0x0dde0000 - 0x0dea8000 	C:\Users\general\Desktop\EASTWeb\prototype-workspace\prototype\hdf5dll.dll
0x0deb0000 - 0x0dec2000 	C:\Users\general\Desktop\EASTWeb\prototype-workspace\prototype\zlib1.dll
0x0ded0000 - 0x0def2000 	C:\Users\general\Desktop\EASTWeb\prototype-workspace\prototype\szlibdll.dll
0x0df00000 - 0x0df2b000 	C:\Users\general\Desktop\EASTWeb\prototype-workspace\prototype\libcurl.dll
0x73bf0000 - 0x73c7c000 	C:\Windows\system32\ODBC32.dll
0x73d10000 - 0x73d48000 	C:\Windows\system32\odbcint.dll
0x0e0e0000 - 0x0e114000 	C:\Users\general\Desktop\EASTWeb\prototype-workspace\prototype\gdaljni.dll
0x73330000 - 0x73346000 	C:\Windows\system32\CRYPTSP.dll
0x732f0000 - 0x7332b000 	C:\Windows\system32\rsaenh.dll
0x72d60000 - 0x72d77000 	C:\Windows\system32\USERENV.dll
0x730b0000 - 0x730bb000 	C:\Windows\system32\profapi.dll
0x6d6c0000 - 0x6d6d3000 	C:\Program Files (x86)\ArcGIS\Desktop10.0\java\jre\bin\net.dll
0x72d50000 - 0x72d56000 	C:\Windows\System32\wship6.dll
0x0e070000 - 0x0e07a000 	C:\Users\general\Desktop\EASTWeb\prototype-workspace\prototype\gdalconstjni.dll
0x0e0a0000 - 0x0e0b3000 	C:\Users\general\Desktop\EASTWeb\prototype-workspace\prototype\osrjni.dll

VM Arguments:
jvm_args: -agentlib:jdwp=transport=dt_socket,suspend=y,address=localhost:54135 -Dfile.encoding=Cp1252 
java_command: edu.sdstate.eastweb.prototype.reprojection.tests.ModisReprojectionTest
Launcher Type: SUN_STANDARD

Environment Variables:
PATH=C:\Program Files (x86)\ArcGIS\Desktop10.0\java\jre\bin;C:\Users\jiameng\gcc\bin;C:\Users\jiameng\gcc\libexec\gcc\i686-pc-mingw32\4.6.3;C:\Program Files (x86)\PHP\;C:\Windows\system32;C:\Windows;C:\Windows\System32\Wbem;C:\Windows\System32\WindowsPowerShell\v1.0\;C:\Program Files (x86)\ATI Technologies\ATI.ACE\Core-Static;C:\Program Files (x86)\Common Files\Roxio Shared\DLLShared\;C:\Program Files (x86)\Common Files\Roxio Shared\10.0\DLLShared;C:\Program Files (x86)\ArcGIS\Desktop10.0\Bin;C:\Program Files (x86)\Subversion\bin;C:\Program Files\TortoiseSVN\bin;C:\Program Files (x86)\PostgreSQL\8.4\bin
USERNAME=general
OS=Windows_NT
PROCESSOR_IDENTIFIER=Intel64 Family 6 Model 26 Stepping 5, GenuineIntel



---------------  S Y S T E M  ---------------

OS: Windows 7 Build 7601 Service Pack 1

CPU:total 4 (8 cores per cpu, 2 threads per core) family 6 model 26 stepping 5, cmov, cx8, fxsr, mmx, sse, sse2, sse3, ssse3, sse4.1, sse4.2, ht

Memory: 4k page, physical 4194303k(4186924k free), swap 4194303k(4194303k free)

vm_info: Java HotSpot(TM) Client VM (14.2-b01) for windows-x86 JRE (1.6.0_16-b01), built on Jul 31 2009 11:26:58 by "java_re" with MS VC++ 7.1

time: Tue Oct 22 13:52:21 2013
elapsed time: 5 seconds

