#
# A fatal error has been detected by the Java Runtime Environment:
#
#  EXCEPTION_INT_DIVIDE_BY_ZERO (0xc0000094) at pc=0x0f21f8f5, pid=6904, tid=9272
#
# JRE version: 6.0_16-b01
# Java VM: Java HotSpot(TM) Client VM (14.2-b01 mixed mode windows-x86 )
# Problematic frame:
# C  [gdal18.dll+0xef8f5]
#
# If you would like to submit a bug report, please visit:
#   http://java.sun.com/webapps/bugreport/crash.jsp
# The crash happened outside the Java Virtual Machine in native code.
# See problematic frame for where to report the bug.
#

---------------  T H R E A D  ---------------

Current thread (0x0cbad000):  JavaThread "Thread-11" [_thread_in_native, id=9272, stack(0x0ef00000,0x0ef50000)]

siginfo: ExceptionCode=0xc0000094

Registers:
EAX=0x000004b0, EBX=0xffffffff, ECX=0x00000000, EDX=0x00000000
ESP=0x0ef4d4e4, EBP=0x0ef4d5e8, ESI=0x00000001, EDI=0x0ef4d618
EIP=0x0f21f8f5, EFLAGS=0x00010297

Top of Stack: (sp=0x0ef4d4e4)
0x0ef4d4e4:   10264050 15622a30 00000064 00000000
0x0ef4d4f4:   00000000 00000002 0b040000 0b06000b
0x0ef4d504:   fffffffe 200000e2 000004b0 000004b0
0x0ef4d514:   00000034 00000000 0ef4d534 76f9e023
0x0ef4d524:   1021e400 1021e400 00000002 00000000
0x0ef4d534:   0ef4d548 00000000 00370000 025a34a8
0x0ef4d544:   1021e400 0ef4d594 016a0013 000010dc
0x0ef4d554:   00000000 740f3c3a e85bf44f 025a2b10 

Instructions: (pc=0x0f21f8f5)
0x0f21f8e5:   24 14 7e 5c 8d a4 24 00 00 00 00 8b 44 b4 28 99
0x0f21f8f5:   f7 7c b4 48 8b bc 24 fc 00 00 00 8b 0c b7 3b c8 


Stack: [0x0ef00000,0x0ef50000],  sp=0x0ef4d4e4,  free space=309k
Native frames: (J=compiled Java code, j=interpreted, Vv=VM code, C=native code)
C  [gdal18.dll+0xef8f5]

Java frames: (J=compiled Java code, j=interpreted, Vv=VM code)
j  org.gdal.gdal.gdalJNI.Band_ReadRaster__SWIG_14(JLorg/gdal/gdal/Band;IIIIIII[D)I+0
j  org.gdal.gdal.Band.ReadRaster(IIIIIII[D)I+18
j  org.gdal.gdal.Band.ReadRaster(IIII[D)I+14
j  edu.sdstate.eastweb.prototype.reprojection.ImageArray.<init>(Lorg/gdal/gdal/Band;)V+50
J  edu.sdstate.eastweb.prototype.reprojection.ModisReprojectionNew.linkTiles()V
j  edu.sdstate.eastweb.prototype.reprojection.ModisReprojectionNew.project([Ljava/io/File;Ledu/sdstate/eastweb/prototype/ProjectInfo;[Ljava/io/File;[I)V+39
j  edu.sdstate.eastweb.prototype.scheduler.tasks.PrepareModisTask.run()V+225
j  edu.sdstate.eastweb.prototype.scheduler.BaseTaskQueue$RunnableTaskQueueEntry.runActualTask()V+45
j  edu.sdstate.eastweb.prototype.scheduler.BaseTaskQueue$RunnableTaskQueueEntry.run()V+40
j  edu.sdstate.eastweb.prototype.scheduler.BaseTaskQueue$WorkerRunnable.run()V+42
j  java.lang.Thread.run()V+11
v  ~StubRoutines::call_stub

---------------  P R O C E S S  ---------------

Java Threads: ( => current thread )
  0x0cbadc00 JavaThread "Thread-13" [_thread_blocked, id=9280, stack(0x0f020000,0x0f070000)]
  0x0cbad400 JavaThread "Thread-12" [_thread_blocked, id=9276, stack(0x0ef90000,0x0efe0000)]
=>0x0cbad000 JavaThread "Thread-11" [_thread_in_native, id=9272, stack(0x0ef00000,0x0ef50000)]
  0x0cbac800 JavaThread "Thread-10" [_thread_blocked, id=9268, stack(0x0ee70000,0x0eec0000)]
  0x0cbac400 JavaThread "Thread-9" [_thread_blocked, id=9264, stack(0x0ede0000,0x0ee30000)]
  0x0cbabc00 JavaThread "Thread-8" [_thread_blocked, id=9260, stack(0x0ed50000,0x0eda0000)]
  0x0cbab800 JavaThread "Thread-7" [_thread_blocked, id=9256, stack(0x0ecc0000,0x0ed10000)]
  0x0cba8c00 JavaThread "Thread-6" [_thread_blocked, id=9252, stack(0x0ec30000,0x0ec80000)]
  0x0cba4c00 JavaThread "Thread-5" [_thread_blocked, id=9248, stack(0x0eba0000,0x0ebf0000)]
  0x0cba4400 JavaThread "Thread-4" [_thread_blocked, id=9244, stack(0x0eb10000,0x0eb60000)]
  0x0cba4000 JavaThread "Thread-3" [_thread_blocked, id=9240, stack(0x0ea80000,0x0ead0000)]
  0x0cba3800 JavaThread "Thread-2" [_thread_blocked, id=9236, stack(0x0e9f0000,0x0ea40000)]
  0x025ea000 JavaThread "Low Memory Detector" daemon [_thread_blocked, id=8736, stack(0x0c920000,0x0c970000)]
  0x025e4c00 JavaThread "CompilerThread0" daemon [_thread_blocked, id=9208, stack(0x0c890000,0x0c8e0000)]
  0x025e4400 JavaThread "Attach Listener" daemon [_thread_blocked, id=8708, stack(0x0c800000,0x0c850000)]
  0x025d9c00 JavaThread "Signal Dispatcher" daemon [_thread_blocked, id=8824, stack(0x0c770000,0x0c7c0000)]
  0x025ad800 JavaThread "Finalizer" daemon [_thread_blocked, id=8900, stack(0x0c6e0000,0x0c730000)]
  0x025a8c00 JavaThread "Reference Handler" daemon [_thread_blocked, id=7024, stack(0x0c650000,0x0c6a0000)]
  0x0037a000 JavaThread "main" [_thread_in_native, id=8836, stack(0x002c0000,0x00310000)]

Other Threads:
  0x025a5000 VMThread [stack: 0x004c0000,0x00510000] [id=6608]
  0x025eb000 WatcherThread [stack: 0x0c9b0000,0x0ca00000] [id=9220]

VM state:not at safepoint (normal execution)

VM Mutex/Monitor currently owned by a thread: None

Heap
 def new generation   total 960K, used 0K [0x04610000, 0x04710000, 0x04af0000)
  eden space 896K,   0% used [0x04610000, 0x04610000, 0x046f0000)
  from space 64K,   0% used [0x046f0000, 0x046f0000, 0x04700000)
  to   space 64K,   0% used [0x04700000, 0x04700000, 0x04710000)
 tenured generation   total 15352K, used 11836K [0x04af0000, 0x059ee000, 0x08610000)
   the space 15352K,  77% used [0x04af0000, 0x0567f148, 0x0567f200, 0x059ee000)
 compacting perm gen  total 12288K, used 6698K [0x08610000, 0x09210000, 0x0c610000)
   the space 12288K,  54% used [0x08610000, 0x08c9a9a0, 0x08c9aa00, 0x09210000)
No shared spaces configured.

Dynamic libraries:
0x00400000 - 0x00424000 	C:\Program Files (x86)\ArcGIS\Desktop10.0\java\jre\bin\javaw.exe
0x76f70000 - 0x770f0000 	C:\Windows\SysWOW64\ntdll.dll
0x74e70000 - 0x74f80000 	C:\Windows\syswow64\kernel32.dll
0x75580000 - 0x755c7000 	C:\Windows\syswow64\KERNELBASE.dll
0x764e0000 - 0x76580000 	C:\Windows\syswow64\ADVAPI32.dll
0x75440000 - 0x754ec000 	C:\Windows\syswow64\msvcrt.dll
0x76580000 - 0x76599000 	C:\Windows\SysWOW64\sechost.dll
0x765c0000 - 0x766b0000 	C:\Windows\syswow64\RPCRT4.dll
0x74650000 - 0x746b0000 	C:\Windows\syswow64\SspiCli.dll
0x74640000 - 0x7464c000 	C:\Windows\syswow64\CRYPTBASE.dll
0x749a0000 - 0x74aa0000 	C:\Windows\syswow64\USER32.dll
0x74de0000 - 0x74e70000 	C:\Windows\syswow64\GDI32.dll
0x76f40000 - 0x76f4a000 	C:\Windows\syswow64\LPK.dll
0x75600000 - 0x7569d000 	C:\Windows\syswow64\USP10.dll
0x75520000 - 0x75580000 	C:\Windows\system32\IMM32.DLL
0x748d0000 - 0x7499c000 	C:\Windows\syswow64\MSCTF.dll
0x7c340000 - 0x7c396000 	C:\Program Files (x86)\ArcGIS\Desktop10.0\java\jre\bin\msvcr71.dll
0x6d8b0000 - 0x6db3b000 	C:\Program Files (x86)\ArcGIS\Desktop10.0\java\jre\bin\client\jvm.dll
0x73540000 - 0x73572000 	C:\Windows\system32\WINMM.dll
0x72f30000 - 0x72f7c000 	C:\Windows\system32\apphelp.dll
0x6d860000 - 0x6d86c000 	C:\Program Files (x86)\ArcGIS\Desktop10.0\java\jre\bin\verify.dll
0x6d3e0000 - 0x6d3ff000 	C:\Program Files (x86)\ArcGIS\Desktop10.0\java\jre\bin\java.dll
0x6d340000 - 0x6d348000 	C:\Program Files (x86)\ArcGIS\Desktop10.0\java\jre\bin\hpi.dll
0x75230000 - 0x75235000 	C:\Windows\syswow64\PSAPI.DLL
0x6d8a0000 - 0x6d8af000 	C:\Program Files (x86)\ArcGIS\Desktop10.0\java\jre\bin\zip.dll
0x10000000 - 0x10063000 	C:\Users\general\AppData\Local\Temp\swtlib-32\swt-win32-3655.dll
0x76380000 - 0x764dc000 	C:\Windows\syswow64\ole32.dll
0x75140000 - 0x751cf000 	C:\Windows\syswow64\OLEAUT32.dll
0x74aa0000 - 0x74b1b000 	C:\Windows\syswow64\comdlg32.dll
0x751d0000 - 0x75227000 	C:\Windows\syswow64\SHLWAPI.dll
0x72d80000 - 0x72f1e000 	C:\Windows\WinSxS\x86_microsoft.windows.common-controls_6595b64144ccf1df_6.0.7601.17514_none_41e6975e2bd6f2b2\COMCTL32.dll
0x75730000 - 0x7637a000 	C:\Windows\syswow64\SHELL32.dll
0x747b0000 - 0x748cb000 	C:\Windows\syswow64\WININET.dll
0x746f0000 - 0x746f3000 	C:\Windows\syswow64\Normaliz.dll
0x74f80000 - 0x75139000 	C:\Windows\syswow64\iertutil.dll
0x74b20000 - 0x74c31000 	C:\Windows\syswow64\urlmon.dll
0x72aa0000 - 0x72b20000 	C:\Windows\system32\uxtheme.dll
0x728f0000 - 0x72903000 	C:\Windows\system32\dwmapi.dll
0x0cce0000 - 0x0ccfd000 	C:\Users\general\AppData\Local\Temp\swtlib-32\swt-gdip-win32-3655.dll
0x70a60000 - 0x70bf0000 	C:\Windows\WinSxS\x86_microsoft.windows.gdiplus_6595b64144ccf1df_1.1.7601.17825_none_72d273598668a06b\gdiplus.dll
0x678b0000 - 0x679ab000 	C:\Windows\system32\WindowsCodecs.dll
0x74700000 - 0x74783000 	C:\Windows\syswow64\CLBCatQ.DLL
0x0cf40000 - 0x0cf57000 	C:\Users\general\Desktop\EASTWeb\prototype-workspace\prototype\ogrjni.dll
0x0f130000 - 0x0f7c4000 	C:\Users\general\Desktop\EASTWeb\prototype-workspace\prototype\gdal18.dll
0x0e1c0000 - 0x0e1de000 	C:\Users\general\Desktop\EASTWeb\prototype-workspace\prototype\ogdi_32b1.dll
0x0e1e0000 - 0x0e1f2000 	C:\Users\general\Desktop\EASTWeb\prototype-workspace\prototype\zlib_osgeo.dll
0x0f7d0000 - 0x0f7f6000 	C:\Users\general\Desktop\EASTWeb\prototype-workspace\prototype\libexpat.dll
0x74380000 - 0x74387000 	C:\Windows\system32\WSOCK32.dll
0x746b0000 - 0x746e5000 	C:\Windows\syswow64\WS2_32.dll
0x74790000 - 0x74796000 	C:\Windows\syswow64\NSI.dll
0x0f800000 - 0x0f842000 	C:\Users\general\Desktop\EASTWeb\prototype-workspace\prototype\proj.dll
0x12000000 - 0x121d0000 	C:\Users\general\Desktop\EASTWeb\prototype-workspace\prototype\xerces-c_3_1.dll
0x74090000 - 0x74133000 	C:\Windows\WinSxS\x86_microsoft.vc90.crt_1fc8b3b9a1e18e3b_9.0.30729.4940_none_50916076bcb9a742\MSVCR90.dll
0x0f850000 - 0x0f87d000 	C:\Users\general\Desktop\EASTWeb\prototype-workspace\prototype\LIBPQ.dll
0x0f890000 - 0x0f8c6000 	C:\Users\general\Desktop\EASTWeb\prototype-workspace\prototype\SSLEAY32.dll
0x0f8e0000 - 0x0f9df000 	C:\Users\general\Desktop\EASTWeb\prototype-workspace\prototype\LIBEAY32.dll
0x61cc0000 - 0x61cd3000 	C:\Users\general\Desktop\EASTWeb\prototype-workspace\prototype\libintl-8.dll
0x66000000 - 0x660e7000 	C:\Users\general\Desktop\EASTWeb\prototype-workspace\prototype\libiconv-2.dll
0x1c000000 - 0x1c09b000 	C:\Users\general\Desktop\EASTWeb\prototype-workspace\prototype\krb5_32.dll
0x0f9f0000 - 0x0f9f7000 	C:\Users\general\Desktop\EASTWeb\prototype-workspace\prototype\comerr32.dll
0x0fa00000 - 0x0fa08000 	C:\Users\general\Desktop\EASTWeb\prototype-workspace\prototype\k5sprt32.dll
0x0fa10000 - 0x0fa31000 	C:\Users\general\Desktop\EASTWeb\prototype-workspace\prototype\gssapi32.dll
0x73530000 - 0x73538000 	C:\Windows\system32\Secur32.dll
0x75360000 - 0x753a5000 	C:\Windows\syswow64\WLDAP32.dll
0x741d0000 - 0x7426b000 	C:\Windows\WinSxS\x86_microsoft.vc80.crt_1fc8b3b9a1e18e3b_8.0.50727.6195_none_d09154e044272b9a\MSVCR80.dll
0x0fa40000 - 0x0facc000 	C:\Users\general\Desktop\EASTWeb\prototype-workspace\prototype\hdf_fw.dll
0x0fad0000 - 0x0faed000 	C:\Users\general\Desktop\EASTWeb\prototype-workspace\prototype\jpeg_osgeo.dll
0x0faf0000 - 0x0fb08000 	C:\Users\general\Desktop\EASTWeb\prototype-workspace\prototype\mfhdf_fw.dll
0x0fb10000 - 0x0fb53000 	C:\Users\general\Desktop\EASTWeb\prototype-workspace\prototype\netcdf.dll
0x0fb60000 - 0x0fb80000 	C:\Users\general\Desktop\EASTWeb\prototype-workspace\prototype\geotiff.dll
0x0fb80000 - 0x0fbfc000 	C:\Users\general\Desktop\EASTWeb\prototype-workspace\prototype\libtiff.dll
0x0fc00000 - 0x0fc1d000 	C:\Users\general\Desktop\EASTWeb\prototype-workspace\prototype\jpeg12_osgeo.dll
0x7c3c0000 - 0x7c43c000 	C:\Windows\system32\MSVCP71.dll
0x0fc20000 - 0x0fc7e000 	C:\Users\general\Desktop\EASTWeb\prototype-workspace\prototype\sqlite3.dll
0x0fc80000 - 0x0fdc1000 	C:\Users\general\Desktop\EASTWeb\prototype-workspace\prototype\LIBMYSQL.dll
0x0fdd0000 - 0x0ff4d000 	C:\Users\general\Desktop\EASTWeb\prototype-workspace\prototype\geos_c.dll
0x74140000 - 0x741ce000 	C:\Windows\WinSxS\x86_microsoft.vc90.crt_1fc8b3b9a1e18e3b_9.0.30729.4940_none_50916076bcb9a742\MSVCP90.dll
0x10070000 - 0x10138000 	C:\Users\general\Desktop\EASTWeb\prototype-workspace\prototype\hdf5dll.dll
0x0ff60000 - 0x0ff72000 	C:\Users\general\Desktop\EASTWeb\prototype-workspace\prototype\zlib1.dll
0x0ff80000 - 0x0ffa2000 	C:\Users\general\Desktop\EASTWeb\prototype-workspace\prototype\szlibdll.dll
0x0ffb0000 - 0x0ffdb000 	C:\Users\general\Desktop\EASTWeb\prototype-workspace\prototype\libcurl.dll
0x737c0000 - 0x7384c000 	C:\Windows\system32\ODBC32.dll
0x739f0000 - 0x73a28000 	C:\Windows\system32\odbcint.dll
0x10140000 - 0x10174000 	C:\Users\general\Desktop\EASTWeb\prototype-workspace\prototype\gdaljni.dll
0x0fff0000 - 0x0fffa000 	C:\Users\general\Desktop\EASTWeb\prototype-workspace\prototype\gdalconstjni.dll
0x0d0a0000 - 0x0d0b3000 	C:\Users\general\Desktop\EASTWeb\prototype-workspace\prototype\osrjni.dll

VM Arguments:
jvm_args: -Dfile.encoding=Cp1252 
java_command: edu.sdstate.eastweb.prototype.Program
Launcher Type: SUN_STANDARD

Environment Variables:
PATH=C:\Users\jiameng\gcc\bin;C:\Users\jiameng\gcc\libexec\gcc\i686-pc-mingw32\4.6.3;C:\Program Files (x86)\PHP\;C:\Windows\system32;C:\Windows;C:\Windows\System32\Wbem;C:\Windows\System32\WindowsPowerShell\v1.0\;C:\Program Files (x86)\ATI Technologies\ATI.ACE\Core-Static;C:\Program Files (x86)\Common Files\Roxio Shared\DLLShared\;C:\Program Files (x86)\Common Files\Roxio Shared\10.0\DLLShared;C:\Program Files (x86)\ArcGIS\Desktop10.0\Bin;C:\Program Files (x86)\Subversion\bin;C:\Program Files\TortoiseSVN\bin;C:\Program Files (x86)\PostgreSQL\8.4\bin
USERNAME=general
OS=Windows_NT
PROCESSOR_IDENTIFIER=Intel64 Family 6 Model 26 Stepping 5, GenuineIntel



---------------  S Y S T E M  ---------------

OS: Windows 7 Build 7601 Service Pack 1

CPU:total 4 (8 cores per cpu, 2 threads per core) family 6 model 26 stepping 5, cmov, cx8, fxsr, mmx, sse, sse2, sse3, ssse3, sse4.1, sse4.2, ht

Memory: 4k page, physical 4194303k(1991320k free), swap 4194303k(4194303k free)

vm_info: Java HotSpot(TM) Client VM (14.2-b01) for windows-x86 JRE (1.6.0_16-b01), built on Jul 31 2009 11:26:58 by "java_re" with MS VC++ 7.1

time: Sun Sep 08 15:19:24 2013
elapsed time: 8 seconds

