#
# A fatal error has been detected by the Java Runtime Environment:
#
#  EXCEPTION_ACCESS_VIOLATION (0xc0000005) at pc=0x76fa43a8, pid=9244, tid=5932
#
# JRE version: 6.0_16-b01
# Java VM: Java HotSpot(TM) Client VM (14.2-b01 mixed mode windows-x86 )
# Problematic frame:
# C  [ntdll.dll+0x343a8]
#
# If you would like to submit a bug report, please visit:
#   http://java.sun.com/webapps/bugreport/crash.jsp
# The crash happened outside the Java Virtual Machine in native code.
# See problematic frame for where to report the bug.
#

---------------  T H R E A D  ---------------

Current thread (0x0251d800):  JavaThread "Finalizer" daemon [_thread_in_native, id=5932, stack(0x0c710000,0x0c760000)]

siginfo: ExceptionCode=0xc0000005, writing address 0x0e4af168

Registers:
EAX=0x12b9934b, EBX=0x0e529658, ECX=0x00000062, EDX=0x0000007f
ESP=0x0c75f37c, EBP=0x0c75f3a4, ESI=0x0e4af168, EDI=0x00570000
EIP=0x76fa43a8, EFLAGS=0x00010206

Top of Stack: (sp=0x0c75f37c)
0x0c75f37c:   00570000 0e529658 00000000 0000028c
0x0c75f38c:   00000000 0c75f370 0c75f3ac 0c75f48c
0x0c75f39c:   76fe71d5 54defd5e 0c75f49c 76fa35a7
0x0c75f3ac:   00570000 0e529658 0c75f46c 00000000
0x0c75f3bc:   2e52d9c2 00000000 00570000 0e529660
0x0c75f3cc:   0c75f42c 76fd5349 770742ac 0c75f410
0x0c75f3dc:   00000022 00000002 0cb5a520 00570150
0x0c75f3ec:   00000000 00570000 00570150 2e52d972 

Instructions: (pc=0x76fa43a8)
0x76fa4398:   76 83 c0 10 e9 ba fb ff ff 85 c0 74 16 8b 47 50
0x76fa43a8:   31 06 8a 46 01 32 06 32 46 02 38 46 03 0f 85 18 


Stack: [0x0c710000,0x0c760000],  sp=0x0c75f37c,  free space=316k
Native frames: (J=compiled Java code, j=interpreted, Vv=VM code, C=native code)
C  [ntdll.dll+0x343a8]
C  [ntdll.dll+0x335a7]
C  [ntdll.dll+0x33492]
C  [kernel32.dll+0x114dd]
C  [msvcr71.dll+0x218a]

Java frames: (J=compiled Java code, j=interpreted, Vv=VM code)
j  org.gdal.gdal.gdalJNI.delete_Dataset(J)V+0
j  org.gdal.gdal.Dataset.delete()V+25
j  org.gdal.gdal.Dataset.finalize()V+1
v  ~StubRoutines::call_stub
j  java.lang.ref.Finalizer.invokeFinalizeMethod(Ljava/lang/Object;)V+0
j  java.lang.ref.Finalizer.runFinalizer()V+45
j  java.lang.ref.Finalizer.access$100(Ljava/lang/ref/Finalizer;)V+1
j  java.lang.ref.Finalizer$FinalizerThread.run()V+11
v  ~StubRoutines::call_stub

---------------  P R O C E S S  ---------------

Java Threads: ( => current thread )
  0x0255a400 JavaThread "Low Memory Detector" daemon [_thread_blocked, id=9608, stack(0x0c950000,0x0c9a0000)]
  0x02555000 JavaThread "CompilerThread0" daemon [_thread_blocked, id=8688, stack(0x0c8c0000,0x0c910000)]
  0x02554800 JavaThread "Attach Listener" daemon [_thread_blocked, id=7992, stack(0x0c830000,0x0c880000)]
  0x0254a000 JavaThread "Signal Dispatcher" daemon [_thread_blocked, id=4800, stack(0x0c7a0000,0x0c7f0000)]
=>0x0251d800 JavaThread "Finalizer" daemon [_thread_in_native, id=5932, stack(0x0c710000,0x0c760000)]
  0x02518c00 JavaThread "Reference Handler" daemon [_thread_blocked, id=9252, stack(0x0c680000,0x0c6d0000)]
  0x0057a000 JavaThread "main" [_thread_in_native, id=6472, stack(0x00430000,0x00480000)]

Other Threads:
  0x02515000 VMThread [stack: 0x0c5f0000,0x0c640000] [id=728]
  0x0255b000 WatcherThread [stack: 0x0c9e0000,0x0ca30000] [id=6424]

VM state:not at safepoint (normal execution)

VM Mutex/Monitor currently owned by a thread: None

Heap
 def new generation   total 4544K, used 0K [0x04580000, 0x04a60000, 0x04a60000)
  eden space 4096K,   0% used [0x04580000, 0x04580060, 0x04980000)
  from space 448K,   0% used [0x049f0000, 0x049f0000, 0x04a60000)
  to   space 448K,   0% used [0x04980000, 0x04980000, 0x049f0000)
 tenured generation   total 60528K, used 22807K [0x04a60000, 0x0857c000, 0x08580000)
   the space 60528K,  37% used [0x04a60000, 0x060a5c60, 0x060a5e00, 0x0857c000)
 compacting perm gen  total 12288K, used 4004K [0x08580000, 0x09180000, 0x0c580000)
   the space 12288K,  32% used [0x08580000, 0x089691b8, 0x08969200, 0x09180000)
No shared spaces configured.

Dynamic libraries:
0x00400000 - 0x00424000 	C:\Program Files (x86)\ArcGIS\Desktop10.0\java\jre\bin\javaw.exe
0x76f70000 - 0x770f0000 	C:\Windows\SysWOW64\ntdll.dll
0x74e70000 - 0x74f80000 	C:\Windows\syswow64\kernel32.dll
0x75580000 - 0x755c7000 	C:\Windows\syswow64\KERNELBASE.dll
0x764e0000 - 0x76580000 	C:\Windows\syswow64\ADVAPI32.dll
0x75440000 - 0x754ec000 	C:\Windows\syswow64\msvcrt.dll
0x76580000 - 0x76599000 	C:\Windows\SysWOW64\sechost.dll
0x765c0000 - 0x766b0000 	C:\Windows\syswow64\RPCRT4.dll
0x74650000 - 0x746b0000 	C:\Windows\syswow64\SspiCli.dll
0x74640000 - 0x7464c000 	C:\Windows\syswow64\CRYPTBASE.dll
0x749a0000 - 0x74aa0000 	C:\Windows\syswow64\USER32.dll
0x74de0000 - 0x74e70000 	C:\Windows\syswow64\GDI32.dll
0x76f40000 - 0x76f4a000 	C:\Windows\syswow64\LPK.dll
0x75600000 - 0x7569d000 	C:\Windows\syswow64\USP10.dll
0x75520000 - 0x75580000 	C:\Windows\system32\IMM32.DLL
0x748d0000 - 0x7499c000 	C:\Windows\syswow64\MSCTF.dll
0x7c340000 - 0x7c396000 	C:\Program Files (x86)\ArcGIS\Desktop10.0\java\jre\bin\msvcr71.dll
0x6d8b0000 - 0x6db3b000 	C:\Program Files (x86)\ArcGIS\Desktop10.0\java\jre\bin\client\jvm.dll
0x73540000 - 0x73572000 	C:\Windows\system32\WINMM.dll
0x72f30000 - 0x72f7c000 	C:\Windows\system32\apphelp.dll
0x6d860000 - 0x6d86c000 	C:\Program Files (x86)\ArcGIS\Desktop10.0\java\jre\bin\verify.dll
0x6d3e0000 - 0x6d3ff000 	C:\Program Files (x86)\ArcGIS\Desktop10.0\java\jre\bin\java.dll
0x6d340000 - 0x6d348000 	C:\Program Files (x86)\ArcGIS\Desktop10.0\java\jre\bin\hpi.dll
0x75230000 - 0x75235000 	C:\Windows\syswow64\PSAPI.DLL
0x6d8a0000 - 0x6d8af000 	C:\Program Files (x86)\ArcGIS\Desktop10.0\java\jre\bin\zip.dll
0x10000000 - 0x10017000 	C:\Users\general\Desktop\EASTWeb\prototype-workspace\prototype\ogrjni.dll
0x0cc30000 - 0x0d2c4000 	C:\Users\general\Desktop\EASTWeb\prototype-workspace\prototype\gdal18.dll
0x00550000 - 0x0056e000 	C:\Users\general\Desktop\EASTWeb\prototype-workspace\prototype\ogdi_32b1.dll
0x0d2d0000 - 0x0d2e2000 	C:\Users\general\Desktop\EASTWeb\prototype-workspace\prototype\zlib_osgeo.dll
0x0d2f0000 - 0x0d316000 	C:\Users\general\Desktop\EASTWeb\prototype-workspace\prototype\libexpat.dll
0x74380000 - 0x74387000 	C:\Windows\system32\WSOCK32.dll
0x746b0000 - 0x746e5000 	C:\Windows\syswow64\WS2_32.dll
0x74790000 - 0x74796000 	C:\Windows\syswow64\NSI.dll
0x0d320000 - 0x0d362000 	C:\Users\general\Desktop\EASTWeb\prototype-workspace\prototype\proj.dll
0x12000000 - 0x121d0000 	C:\Users\general\Desktop\EASTWeb\prototype-workspace\prototype\xerces-c_3_1.dll
0x74090000 - 0x74133000 	C:\Windows\WinSxS\x86_microsoft.vc90.crt_1fc8b3b9a1e18e3b_9.0.30729.4940_none_50916076bcb9a742\MSVCR90.dll
0x0d370000 - 0x0d39d000 	C:\Users\general\Desktop\EASTWeb\prototype-workspace\prototype\LIBPQ.dll
0x0d3b0000 - 0x0d3e6000 	C:\Users\general\Desktop\EASTWeb\prototype-workspace\prototype\SSLEAY32.dll
0x0d400000 - 0x0d4ff000 	C:\Users\general\Desktop\EASTWeb\prototype-workspace\prototype\LIBEAY32.dll
0x61cc0000 - 0x61cd3000 	C:\Users\general\Desktop\EASTWeb\prototype-workspace\prototype\libintl-8.dll
0x66000000 - 0x660e7000 	C:\Users\general\Desktop\EASTWeb\prototype-workspace\prototype\libiconv-2.dll
0x1c000000 - 0x1c09b000 	C:\Users\general\Desktop\EASTWeb\prototype-workspace\prototype\krb5_32.dll
0x0d510000 - 0x0d517000 	C:\Users\general\Desktop\EASTWeb\prototype-workspace\prototype\comerr32.dll
0x0d520000 - 0x0d528000 	C:\Users\general\Desktop\EASTWeb\prototype-workspace\prototype\k5sprt32.dll
0x0d530000 - 0x0d551000 	C:\Users\general\Desktop\EASTWeb\prototype-workspace\prototype\gssapi32.dll
0x73530000 - 0x73538000 	C:\Windows\system32\Secur32.dll
0x75360000 - 0x753a5000 	C:\Windows\syswow64\WLDAP32.dll
0x75730000 - 0x7637a000 	C:\Windows\syswow64\SHELL32.dll
0x751d0000 - 0x75227000 	C:\Windows\syswow64\SHLWAPI.dll
0x741d0000 - 0x7426b000 	C:\Windows\WinSxS\x86_microsoft.vc80.crt_1fc8b3b9a1e18e3b_8.0.50727.6195_none_d09154e044272b9a\MSVCR80.dll
0x0d560000 - 0x0d5ec000 	C:\Users\general\Desktop\EASTWeb\prototype-workspace\prototype\hdf_fw.dll
0x0d5f0000 - 0x0d60d000 	C:\Users\general\Desktop\EASTWeb\prototype-workspace\prototype\jpeg_osgeo.dll
0x0d610000 - 0x0d628000 	C:\Users\general\Desktop\EASTWeb\prototype-workspace\prototype\mfhdf_fw.dll
0x0d630000 - 0x0d673000 	C:\Users\general\Desktop\EASTWeb\prototype-workspace\prototype\netcdf.dll
0x0d680000 - 0x0d6a0000 	C:\Users\general\Desktop\EASTWeb\prototype-workspace\prototype\geotiff.dll
0x0d6a0000 - 0x0d71c000 	C:\Users\general\Desktop\EASTWeb\prototype-workspace\prototype\libtiff.dll
0x0d720000 - 0x0d73d000 	C:\Users\general\Desktop\EASTWeb\prototype-workspace\prototype\jpeg12_osgeo.dll
0x7c3c0000 - 0x7c43c000 	C:\Windows\system32\MSVCP71.dll
0x0d740000 - 0x0d79e000 	C:\Users\general\Desktop\EASTWeb\prototype-workspace\prototype\sqlite3.dll
0x0d7a0000 - 0x0d8e1000 	C:\Users\general\Desktop\EASTWeb\prototype-workspace\prototype\LIBMYSQL.dll
0x0d8f0000 - 0x0da6d000 	C:\Users\general\Desktop\EASTWeb\prototype-workspace\prototype\geos_c.dll
0x74140000 - 0x741ce000 	C:\Windows\WinSxS\x86_microsoft.vc90.crt_1fc8b3b9a1e18e3b_9.0.30729.4940_none_50916076bcb9a742\MSVCP90.dll
0x0da80000 - 0x0db48000 	C:\Users\general\Desktop\EASTWeb\prototype-workspace\prototype\hdf5dll.dll
0x0db50000 - 0x0db62000 	C:\Users\general\Desktop\EASTWeb\prototype-workspace\prototype\zlib1.dll
0x0db70000 - 0x0db92000 	C:\Users\general\Desktop\EASTWeb\prototype-workspace\prototype\szlibdll.dll
0x0dba0000 - 0x0dbcb000 	C:\Users\general\Desktop\EASTWeb\prototype-workspace\prototype\libcurl.dll
0x737c0000 - 0x7384c000 	C:\Windows\system32\ODBC32.dll
0x739f0000 - 0x73a28000 	C:\Windows\system32\odbcint.dll
0x0dc40000 - 0x0dc74000 	C:\Users\general\Desktop\EASTWeb\prototype-workspace\prototype\gdaljni.dll
0x74070000 - 0x74086000 	C:\Windows\system32\CRYPTSP.dll
0x74030000 - 0x7406b000 	C:\Windows\system32\rsaenh.dll
0x72d20000 - 0x72d37000 	C:\Windows\system32\USERENV.dll
0x74010000 - 0x7401b000 	C:\Windows\system32\profapi.dll
0x6d6c0000 - 0x6d6d3000 	C:\Program Files (x86)\ArcGIS\Desktop10.0\java\jre\bin\net.dll
0x74390000 - 0x743cc000 	C:\Windows\system32\mswsock.dll
0x72d10000 - 0x72d16000 	C:\Windows\System32\wship6.dll
0x73910000 - 0x73920000 	C:\Windows\system32\NLAapi.dll
0x73900000 - 0x73910000 	C:\Windows\system32\napinsp.dll
0x738e0000 - 0x738f2000 	C:\Windows\system32\pnrpnsp.dll
0x73960000 - 0x739a4000 	C:\Windows\system32\DNSAPI.dll
0x738d0000 - 0x738d8000 	C:\Windows\System32\winrnr.dll
0x74020000 - 0x74025000 	C:\Windows\System32\wshtcpip.dll
0x738b0000 - 0x738cc000 	C:\Windows\system32\IPHLPAPI.DLL
0x738a0000 - 0x738a7000 	C:\Windows\system32\WINNSI.DLL
0x73850000 - 0x73856000 	C:\Windows\system32\rasadhlp.dll
0x73860000 - 0x73898000 	C:\Windows\System32\fwpuclnt.dll
0x0dbe0000 - 0x0dbea000 	C:\Users\general\Desktop\EASTWeb\prototype-workspace\prototype\gdalconstjni.dll
0x0df40000 - 0x0df53000 	C:\Users\general\Desktop\EASTWeb\prototype-workspace\prototype\osrjni.dll

VM Arguments:
jvm_args: -Dfile.encoding=Cp1252 
java_command: edu.sdstate.eastweb.prototype.reprojection.tests.ModisReprojectionTest
Launcher Type: SUN_STANDARD

Environment Variables:
PATH=C:\Users\jiameng\gcc\bin;C:\Users\jiameng\gcc\libexec\gcc\i686-pc-mingw32\4.6.3;C:\Program Files (x86)\PHP\;C:\Windows\system32;C:\Windows;C:\Windows\System32\Wbem;C:\Windows\System32\WindowsPowerShell\v1.0\;C:\Program Files (x86)\ATI Technologies\ATI.ACE\Core-Static;C:\Program Files (x86)\Common Files\Roxio Shared\DLLShared\;C:\Program Files (x86)\Common Files\Roxio Shared\10.0\DLLShared;C:\Program Files (x86)\ArcGIS\Desktop10.0\Bin;C:\Program Files (x86)\Subversion\bin;C:\Program Files\TortoiseSVN\bin;C:\Program Files (x86)\PostgreSQL\8.4\bin
USERNAME=general
OS=Windows_NT
PROCESSOR_IDENTIFIER=Intel64 Family 6 Model 26 Stepping 5, GenuineIntel



---------------  S Y S T E M  ---------------

OS: Windows 7 Build 7601 Service Pack 1

CPU:total 4 (8 cores per cpu, 2 threads per core) family 6 model 26 stepping 5, cmov, cx8, fxsr, mmx, sse, sse2, sse3, ssse3, sse4.1, sse4.2, ht

Memory: 4k page, physical 4194303k(1710716k free), swap 4194303k(4194303k free)

vm_info: Java HotSpot(TM) Client VM (14.2-b01) for windows-x86 JRE (1.6.0_16-b01), built on Jul 31 2009 11:26:58 by "java_re" with MS VC++ 7.1

time: Thu Sep 19 21:06:04 2013
elapsed time: 3 seconds

